C51 COMPILER V9.60.7.0   MAIN                                                              08/20/2025 22:30:26 PAGE 1   


C51 COMPILER V9.60.7.0, COMPILATION OF MODULE MAIN
OBJECT MODULE PLACED IN .\Objects\main.obj
COMPILER INVOKED BY: D:\Keil_v5\C51\BIN\C51.EXE main.c OPTIMIZE(8,SPEED) BROWSE DEBUG OBJECTEXTEND PRINT(.\Listings\main
                    -.lst) OBJECT(.\Objects\main.obj)

line level    source

   1          #include <REGX52.H>
   2          #include "LCD1602.H"
   3          #include "DS1302.H"
   4          #include "Key.H"
   5          #include "Delay.H"
   6          #include "MatrixKey.H"
   7          #include "timer0.H"
   8          
   9          #define TIME_SIZE 6
  10          
  11          char Time[TIME_SIZE] = {25, 8, 20, 10, 30, 30};
  12          unsigned char Key_Num = 0;
  13          unsigned char index;
  14          bit MODE = 0; // 0:显示模式, 1:修改模式 
  15          bit TimeSetFlashFlag = 0;
  16          
  17          void TimeShow();
  18          void TimeSet();
  19          
  20          void main()
  21          {
  22   1              LCD_Init();
  23   1              DS1302_Init();
  24   1              Timer0_Init();
  25   1              
  26   1              SetTime();
  27   1              
  28   1              LCD_ShowString(1, 1, "  -  -  ");
  29   1              LCD_ShowString(2, 1, "  :  :  ");
  30   1              while(1)
  31   1              {
  32   2                      Key_Num = Key();
  33   2                      
  34   2                      if(Key_Num == 2)
  35   2                      {
  36   3                              MODE = !MODE;
  37   3                              if(MODE)
  38   3                              {
  39   4                                      LCD_ShowString(1, 13, "EDIT");
  40   4                                      index = 0;
  41   4                              }else
  42   3                              {
  43   4                                      LCD_ShowString(1, 13, "    ");
  44   4                                      SetTime();
  45   4                              }
  46   3                      }
  47   2                      
  48   2                      if(MODE)
  49   2                      {
  50   3                              TimeSet();
  51   3                      }else
  52   2                      {
  53   3                              TimeShow();
  54   3                      }
C51 COMPILER V9.60.7.0   MAIN                                                              08/20/2025 22:30:26 PAGE 2   

  55   2              }
  56   1      }
  57          
  58          void TimeShow()
  59          {
  60   1              ReadTime();
  61   1              LCD_ShowNum(1, 1, Time[YEAR], 2);   // 年
  62   1              LCD_ShowNum(1, 4, Time[MONTH], 2);  // 月
  63   1              LCD_ShowNum(1, 7, Time[DATE], 2);   // 日
  64   1          
  65   1              LCD_ShowNum(2, 1, Time[HOUR], 2);   // 时
  66   1              LCD_ShowNum(2, 4, Time[MINUTES], 2);// 分
  67   1              LCD_ShowNum(2, 7, Time[SECONDS], 2);// 秒
  68   1      }
  69          
  70          
  71          void TimeSet()
  72          {
  73   1              if(Key_Num == 1)
  74   1              {
  75   2                      ++Time[index];
  76   2                      if(Time[YEAR] > 99) Time[YEAR] = 0;
  77   2                      if(Time[MONTH] > 12) Time[MONTH] = 1;
  78   2                      
  79   2                      switch(Time[MONTH])
  80   2                      {
  81   3                              case 1:case 3:case 5:case 7:case 8:case 10:case 12:
  82   3                                      if(Time[DATE] > 31)     Time[DATE] = 1;
  83   3                                      break;
  84   3                              case 4:case 6:case 9:case 11:
  85   3                                      if(Time[DATE] > 30)     Time[DATE] = 1;
  86   3                                      break;
  87   3                              case 2:
  88   3                                      if(Time[YEAR] % 4 == 0)
  89   3                                      {
  90   4                                              if(Time[DATE] > 29)     Time[DATE] = 1;
  91   4                                      }
  92   3                                      else
  93   3                                      {
  94   4                                              if(Time[DATE] > 28)     Time[DATE] = 1;
  95   4                                      }
  96   3                      }
  97   2                      
  98   2                      if(Time[HOUR] > 23)     Time[HOUR] = 0;
  99   2                      if(Time[MINUTES] > 59)  Time[MINUTES] = 0;
 100   2                      if(Time[SECONDS] > 59)  Time[SECONDS] = 0;
 101   2              }
 102   1              
 103   1              if(Key_Num == 3)
 104   1              {
 105   2                      --Time[index];
 106   2                      if(Time[YEAR] < 0) Time[YEAR] = 99;
 107   2                      if(Time[MONTH] < 1) Time[MONTH] = 12;
 108   2                      
 109   2                      switch(Time[MONTH])
 110   2                      {
 111   3                              case 1:case 3:case 5:case 7:case 8:case 10:case 12:
 112   3                                      if(Time[DATE] < 1)      Time[DATE] = 31;
 113   3                                      if(Time[DATE] > 31)     Time[DATE] = 1;
 114   3                                      break;
 115   3                              case 4:case 6:case 9:case 11:
 116   3                                      if(Time[DATE] < 1)      Time[DATE] = 30;
C51 COMPILER V9.60.7.0   MAIN                                                              08/20/2025 22:30:26 PAGE 3   

 117   3                                      if(Time[DATE] > 30)     Time[DATE] = 1;
 118   3                                      break;
 119   3                              case 2:
 120   3                                      if(Time[YEAR] % 4 == 0)
 121   3                                      {
 122   4                                              if(Time[DATE] < 1)      Time[DATE] = 29;
 123   4                                              if(Time[DATE] > 29)     Time[DATE] = 1;
 124   4                                      }
 125   3                                      else
 126   3                                      {
 127   4                                              if(Time[DATE] < 1)      Time[DATE] = 28;
 128   4                                              if(Time[DATE] > 28)     Time[DATE] = 1;
 129   4                                      }
 130   3                      }
 131   2                      
 132   2                      if(Time[HOUR] < 0)      Time[HOUR] = 23;
 133   2                      if(Time[MINUTES] < 0)   Time[MINUTES] = 59;
 134   2                      if(Time[SECONDS] < 0)   Time[SECONDS] = 59;
 135   2              }
 136   1              
 137   1              if(Key_Num == 4)
 138   1              {
 139   2                      index++;
 140   2                      index %= 6;
 141   2              }
 142   1              
 143   1              if(index == 0 && TimeSetFlashFlag)
 144   1                      LCD_ShowString(1, 1, "  ");
 145   1              else
 146   1                      LCD_ShowNum(1, 1, Time[YEAR], 2);
 147   1              
 148   1              if(index == 1 && TimeSetFlashFlag)
 149   1                      LCD_ShowString(1, 4, "  ");
 150   1              else
 151   1                      LCD_ShowNum(1, 4, Time[MONTH], 2);
 152   1              
 153   1              if(index == 2 && TimeSetFlashFlag)
 154   1                      LCD_ShowString(1, 7, "  ");
 155   1              else
 156   1                      LCD_ShowNum(1, 7, Time[DATE], 2);
 157   1              
 158   1              if(index == 3 && TimeSetFlashFlag)
 159   1                      LCD_ShowString(2, 1, "  ");
 160   1              else
 161   1                      LCD_ShowNum(2, 1, Time[HOUR], 2);
 162   1              
 163   1              if(index == 4 && TimeSetFlashFlag)
 164   1                      LCD_ShowString(2, 4, "  ");
 165   1              else    
 166   1                      LCD_ShowNum(2, 4, Time[MINUTES], 2);
 167   1              
 168   1              if(index == 5 && TimeSetFlashFlag)
 169   1                      LCD_ShowString(2, 7, "  ");
 170   1              else    
 171   1                      LCD_ShowNum(2, 7, Time[SECONDS], 2);
 172   1      }
 173          
 174          void Timer0_Routine() interrupt 1
 175          {
 176   1              static unsigned int T0Count;
 177   1              TL0 = 0x18;             //设置定时初值
 178   1              TH0 = 0xFC;             //设置定时初值
C51 COMPILER V9.60.7.0   MAIN                                                              08/20/2025 22:30:26 PAGE 4   

 179   1              T0Count++;
 180   1              if(T0Count>=300)// 每300ms进入一次
 181   1              {
 182   2                      T0Count=0;
 183   2                      TimeSetFlashFlag=!TimeSetFlashFlag;//闪烁标志位取反
 184   2              }
 185   1      }


MODULE INFORMATION:   STATIC OVERLAYABLE
   CODE SIZE        =    931    ----
   CONSTANT SIZE    =     31    ----
   XDATA SIZE       =   ----    ----
   PDATA SIZE       =   ----    ----
   DATA SIZE        =     10    ----
   IDATA SIZE       =   ----    ----
   BIT SIZE         =      2    ----
END OF MODULE INFORMATION.


C51 COMPILATION COMPLETE.  0 WARNING(S),  0 ERROR(S)
