C51 COMPILER V9.60.7.0   MAIN                                                              03/02/2026 20:35:44 PAGE 1   


C51 COMPILER V9.60.7.0, COMPILATION OF MODULE MAIN
OBJECT MODULE PLACED IN .\Objects\main.obj
COMPILER INVOKED BY: D:\Keil_v5\C51\BIN\C51.EXE main.c OPTIMIZE(8,SPEED) BROWSE DEBUG OBJECTEXTEND CODE PRINT(.\Listings
                    -\main.lst) PREPRINT(.\Listings\main.i) OBJECT(.\Objects\main.obj)

line level    source

   1          #include <REGX51.H>
   2          #include <INTRINS.H>
   3          #include <STRING.H>
   4          #include "LCD1602.H"
   5          #include "timer0.h"
   6          #include "Buzzer.h"
   7          #include "Delay.h"
   8          #include "MatrixKey.h"
   9          #include "Nixie.h"
  10          
  11          #define FIRST_ROW  1
  12          #define SECOND_ROW 2
  13          #define PASSWORD_LEN 13
  14          
  15          // 函数声明
  16          unsigned char MatrixKey();
  17          void Delay(unsigned int xms);
  18          void Init_PassWord();
  19          void DisplayPasswordScreen();
  20          void Show_Time();
  21          void Buzzer(unsigned int xms);
  22          
  23          // 全局变量
  24          unsigned char GetKey = 0;
  25          unsigned char hour = 0, minute = 0, second = 0;
  26          char * PassWord = "1145141919810";
  27          char InputPassWord[PASSWORD_LEN + 1];
  28          bit timer_mode = 0;         // 0:密码模式, 1:计时器模式
  29          bit timer_running = 0;       // 计时器运行状态
  30          
  31          void main() {
  32   1          unsigned char Current_Row = 1;
  33   1          unsigned char Current_Char = 0;
  34   1              
  35   1          // 初始化
  36   1          LCD_Init();
  37   1          Timer0_Init();
  38   1          DisplayPasswordScreen();
  39   1          
  40   1          while(1) {
  41   2              GetKey = MatrixKey();
  42   2              
  43   2              // 处理模式切换按键
  44   2              if(GetKey == KEY_13) {
  45   3                  timer_mode = !timer_mode;
  46   3                              
  47   3                              LCD_ClearManual(2);
  48   3                  if(timer_mode) {
  49   4                      // 进入计时器模式
  50   4                      LCD_ShowString(FIRST_ROW, 1, "TIMER:");
  51   4                      timer_running = 1;
  52   4                  } else {
  53   4                      // 返回密码模式
  54   4                      DisplayPasswordScreen();
C51 COMPILER V9.60.7.0   MAIN                                                              03/02/2026 20:35:44 PAGE 2   

  55   4                      timer_running = 0; // 停止计时器
  56   4                      Current_Row = 1;
  57   4                      Current_Char = 0;
  58   4                  }
  59   3              }
  60   2              
  61   2              // 根据当前模式处理按键
  62   2              if(timer_mode) {
  63   3                  // 计时器模式下的按键处理
  64   3                  switch(GetKey) {
  65   4                      case KEY_11:
  66   4                          // 暂停/继续计时器
  67   4                          timer_running = !timer_running;
  68   4                          LCD_ShowString(SECOND_ROW, 13, timer_running ? "RUN " : "PAUS");
  69   4                          break;
  70   4                          
  71   4                      case KEY_12:
  72   4                          // 重置计时器
  73   4                          hour = minute = second = 0;
  74   4                          Show_Time();
  75   4                          break;
  76   4                  }
  77   3              } else {
  78   3                  // 密码模式下的按键处理
  79   3                  switch(GetKey) {
  80   4                      case KEY_1:
  81   4                      case KEY_2:
  82   4                      case KEY_3:
  83   4                      case KEY_4:
  84   4                      case KEY_5:
  85   4                      case KEY_6:
  86   4                      case KEY_7:
  87   4                      case KEY_8:
  88   4                      case KEY_9:
  89   4                      case KEY_10:
  90   4                          if(Current_Char < PASSWORD_LEN) {
  91   5                              LCD_ShowNum(SECOND_ROW, Current_Row++, (GetKey == 10) ? 0 : GetKey, 1);
  92   5                              InputPassWord[Current_Char++] = ((GetKey == 10) ? 0 : GetKey) + '0';
  93   5                              
  94   5                                                      Buzzer(100);
  95   5                                                      
  96   5                              if(Current_Char == PASSWORD_LEN) {
  97   6                                  InputPassWord[Current_Char] = '\0';
  98   6                              }
  99   5                          }
 100   4                          break;
 101   4                          
 102   4                      case KEY_11:
 103   4                          if(Current_Row > 1 && Current_Char > 0) {
 104   5                              --Current_Row;
 105   5                              --Current_Char;
 106   5                          }
 107   4                          LCD_ShowChar(SECOND_ROW, Current_Row, '*');
 108   4                          InputPassWord[Current_Char] = '\0';
 109   4                          break;
 110   4                          
 111   4                      case KEY_12:
 112   4                          LCD_ClearManual(1);
 113   4                          if(!strcmp(InputPassWord, PassWord)) {
 114   5                              LCD_ShowString(SECOND_ROW, 1, "CORRECT");
 115   5                          } else {
 116   5                              LCD_ShowString(SECOND_ROW, 1, "ERROR");
C51 COMPILER V9.60.7.0   MAIN                                                              03/02/2026 20:35:44 PAGE 3   

 117   5                          }
 118   4                                              
 119   4                                              Buzzer(100);
 120   4                                              Delay(500);
 121   4                                              Buzzer(100);
 122   4                                              
 123   4                          LCD_ClearManual(1);
 124   4                          Init_PassWord();
 125   4                          Current_Row = 1;
 126   4                          Current_Char = 0;
 127   4                          break;
 128   4                  }
 129   3              }
 130   2              
 131   2              // 显示当前按键值
 132   2              if(GetKey >= KEY_1 && GetKey <= KEY_16) {
 133   3                  LCD_ShowNum(FIRST_ROW, 15, GetKey, 2);
 134   3              }
 135   2              }
 136   1      }
 137          
 138          /**
 139           * @brief 显示密码输入界面
 140           */
 141          void DisplayPasswordScreen() {
 142   1          LCD_ShowString(FIRST_ROW, 1, "PASSWORD:");
 143   1          Init_PassWord();
 144   1      }
 145          
 146          /**
 147           * @brief 初始化密码显示
 148           */
 149          void Init_PassWord() {
 150   1          unsigned char i;
 151   1          for(i = 1; i <= PASSWORD_LEN; ++i) {
 152   2              LCD_ShowChar(SECOND_ROW, i, '*');
 153   2          }
 154   1          memset(InputPassWord, 0, sizeof(InputPassWord));
 155   1      }
 156          
 157          /**
 158           * @brief 显示时间
 159           */
 160          void Show_Time()
 161          {
 162   1              LCD_ShowNum(SECOND_ROW, 1, hour, 2);
 163   1          LCD_ShowChar(SECOND_ROW, 3, ':');
 164   1          LCD_ShowNum(SECOND_ROW, 4, minute, 2);
 165   1          LCD_ShowChar(SECOND_ROW, 6, ':');
 166   1          LCD_ShowNum(SECOND_ROW, 7, second, 2);
 167   1      }
 168          
 169          
 170          void Time_Loop()
 171          {
 172   1              // 只有在计时器运行状态下才更新时间
 173   1              if(timer_running) {
 174   2                      if(++second >= 60) {
 175   3                second = 0;
 176   3                ++minute;
 177   3              }
 178   2                  
C51 COMPILER V9.60.7.0   MAIN                                                              03/02/2026 20:35:44 PAGE 4   

 179   2              if(minute >= 60) {
 180   3                 minute = 0;
 181   3                 ++hour;
 182   3              }
 183   2                  
 184   2              if(hour >= 24) {
 185   3                 hour = 0;
 186   3              }
 187   2                  
 188   2              // 更新计时器显示
 189   2              Show_Time();
 190   2         }
 191   1      }
 192          /**
 193           * @brief 定时器0中断服务程序
 194           */
 195          void Timer0_Rountine() interrupt 1 {
 196   1          static unsigned int second_count = 0;
 197   1          
 198   1          // 重装定时器初值
 199   1          TH0 = 0xFC;
 200   1              TL0 = 0x17;
 201   1          
 202   1          if(++second_count >= 1000) {
 203   2              second_count = 0;
 204   2              
 205   2              Time_Loop();
 206   2          }
 207   1      }
C51 COMPILER V9.60.7.0   MAIN                                                              03/02/2026 20:35:44 PAGE 5   

ASSEMBLY LISTING OF GENERATED OBJECT CODE


             ; FUNCTION main (BEGIN)
                                           ; SOURCE LINE # 31
                                           ; SOURCE LINE # 32
0000 750001      R     MOV     Current_Row,#01H
                                           ; SOURCE LINE # 33
0003 E4                CLR     A
0004 F500        R     MOV     Current_Char,A
                                           ; SOURCE LINE # 36
0006 120000      E     LCALL   LCD_Init
                                           ; SOURCE LINE # 37
0009 120000      E     LCALL   Timer0_Init
                                           ; SOURCE LINE # 38
000C 120000      R     LCALL   DisplayPasswordScreen
000F         ?C0001:
                                           ; SOURCE LINE # 40
                                           ; SOURCE LINE # 41
000F 120000      E     LCALL   MatrixKey
0012 8F00        R     MOV     GetKey,R7
                                           ; SOURCE LINE # 44
0014 E500        R     MOV     A,GetKey
0016 640D              XRL     A,#0DH
0018 7026              JNZ     ?C0003
                                           ; SOURCE LINE # 45
001A B200        R     CPL     timer_mode
                                           ; SOURCE LINE # 47
001C 7F02              MOV     R7,#02H
001E 120000      E     LCALL   _LCD_ClearManual
                                           ; SOURCE LINE # 48
0021 300011      R     JNB     timer_mode,?C0004
                                           ; SOURCE LINE # 50
0024 7BFF              MOV     R3,#0FFH
0026 7A00        R     MOV     R2,#HIGH ?SC_14
0028 7900        R     MOV     R1,#LOW ?SC_14
002A 7D01              MOV     R5,#01H
002C 7F01              MOV     R7,#01H
002E 120000      E     LCALL   _LCD_ShowString
                                           ; SOURCE LINE # 51
0031 D200        R     SETB    timer_running
                                           ; SOURCE LINE # 52
0033 800B              SJMP    ?C0003
0035         ?C0004:
                                           ; SOURCE LINE # 54
0035 120000      R     LCALL   DisplayPasswordScreen
                                           ; SOURCE LINE # 55
0038 C200        R     CLR     timer_running
                                           ; SOURCE LINE # 56
003A 750001      R     MOV     Current_Row,#01H
                                           ; SOURCE LINE # 57
003D E4                CLR     A
003E F500        R     MOV     Current_Char,A
                                           ; SOURCE LINE # 58
                                           ; SOURCE LINE # 59
0040         ?C0003:
                                           ; SOURCE LINE # 62
0040 300034      R     JNB     timer_mode,?C0006
                                           ; SOURCE LINE # 64
0043 E500        R     MOV     A,GetKey
0045 24F4              ADD     A,#0F4H
0047 6021              JZ      ?C0011
C51 COMPILER V9.60.7.0   MAIN                                                              03/02/2026 20:35:44 PAGE 6   

0049 04                INC     A
004A 6003              JZ      $ + 5H
004C 020000      R     LJMP    ?C0012
                                           ; SOURCE LINE # 65
004F         ?C0008:
                                           ; SOURCE LINE # 67
004F B200        R     CPL     timer_running
                                           ; SOURCE LINE # 68
0051 7BFF              MOV     R3,#0FFH
0053 300006      R     JNB     timer_running,?C0009
0056 7A00        R     MOV     R2,#HIGH ?SC_21
0058 7900        R     MOV     R1,#LOW ?SC_21
005A 8004              SJMP    ?C0010
005C         ?C0009:
005C 7A00        R     MOV     R2,#HIGH ?SC_26
005E 7900        R     MOV     R1,#LOW ?SC_26
0060         ?C0010:
0060 7D0D              MOV     R5,#0DH
0062 7F02              MOV     R7,#02H
0064 120000      E     LCALL   _LCD_ShowString
                                           ; SOURCE LINE # 69
0067 020000      R     LJMP    ?C0012
                                           ; SOURCE LINE # 71
006A         ?C0011:
                                           ; SOURCE LINE # 73
006A E4                CLR     A
006B F500        R     MOV     second,A
006D F500        R     MOV     minute,A
006F F500        R     MOV     hour,A
                                           ; SOURCE LINE # 74
0071 120000      R     LCALL   Show_Time
                                           ; SOURCE LINE # 75
0074 020000      R     LJMP    ?C0012
                                           ; SOURCE LINE # 76
                                           ; SOURCE LINE # 77
0077         ?C0006:
                                           ; SOURCE LINE # 79
0077 E500        R     MOV     A,GetKey
0079 14                DEC     A
007A 24F6              ADD     A,#0F6H
007C 5008              JNC     ?C0023
007E 6053              JZ      ?C0030
0080 14                DEC     A
0081 6074              JZ      ?C0032
0083 020000      R     LJMP    ?C0012
                                           ; SOURCE LINE # 80
                                           ; SOURCE LINE # 81
                                           ; SOURCE LINE # 82
                                           ; SOURCE LINE # 83
                                           ; SOURCE LINE # 84
                                           ; SOURCE LINE # 85
                                           ; SOURCE LINE # 86
                                           ; SOURCE LINE # 87
                                           ; SOURCE LINE # 88
                                           ; SOURCE LINE # 89
0086         ?C0023:
                                           ; SOURCE LINE # 90
0086 E500        R     MOV     A,Current_Char
0088 C3                CLR     C
0089 940D              SUBB    A,#0DH
008B 4003              JC      $ + 5H
008D 020000      R     LJMP    ?C0012
C51 COMPILER V9.60.7.0   MAIN                                                              03/02/2026 20:35:44 PAGE 7   

                                           ; SOURCE LINE # 91
0090 AD00        R     MOV     R5,Current_Row
0092 0500        R     INC     Current_Row
0094 E500        R     MOV     A,GetKey
0096 B40A04            CJNE    A,#0AH,?C0025
0099 7F00              MOV     R7,#00H
009B 8002              SJMP    ?C0026
009D         ?C0025:
009D AF00        R     MOV     R7,GetKey
009F         ?C0026:
009F EF                MOV     A,R7
00A0 FB                MOV     R3,A
00A1 7A00              MOV     R2,#00H
00A3 750001      E     MOV     ?_LCD_ShowNum?BYTE+04H,#01H
00A6 7F02              MOV     R7,#02H
00A8 120000      E     LCALL   _LCD_ShowNum
                                           ; SOURCE LINE # 92
00AB E500        R     MOV     A,GetKey
00AD B40A04            CJNE    A,#0AH,?C0027
00B0 7F00              MOV     R7,#00H
00B2 8002              SJMP    ?C0028
00B4         ?C0027:
00B4 AF00        R     MOV     R7,GetKey
00B6         ?C0028:
00B6 EF                MOV     A,R7
00B7 2430              ADD     A,#030H
00B9 FF                MOV     R7,A
00BA AE00        R     MOV     R6,Current_Char
00BC 0500        R     INC     Current_Char
00BE 7400        R     MOV     A,#LOW InputPassWord
00C0 2E                ADD     A,R6
00C1 F8                MOV     R0,A
00C2 A607              MOV     @R0,AR7
                                           ; SOURCE LINE # 94
00C4 7F64              MOV     R7,#064H
00C6 7E00              MOV     R6,#00H
00C8 120000      E     LCALL   _Buzzer
                                           ; SOURCE LINE # 96
00CB E500        R     MOV     A,Current_Char
00CD 640D              XRL     A,#0DH
00CF 7073              JNZ     ?C0012
                                           ; SOURCE LINE # 97
                                           ; SOURCE LINE # 98
                                           ; SOURCE LINE # 99
                                           ; SOURCE LINE # 100
00D1 801B              SJMP    ?C0052
                                           ; SOURCE LINE # 102
00D3         ?C0030:
                                           ; SOURCE LINE # 103
00D3 E500        R     MOV     A,Current_Row
00D5 D3                SETB    C
00D6 9401              SUBB    A,#01H
00D8 400B              JC      ?C0031
00DA E500        R     MOV     A,Current_Char
00DC D3                SETB    C
00DD 9400              SUBB    A,#00H
00DF 4004              JC      ?C0031
                                           ; SOURCE LINE # 104
00E1 1500        R     DEC     Current_Row
                                           ; SOURCE LINE # 105
00E3 1500        R     DEC     Current_Char
                                           ; SOURCE LINE # 106
C51 COMPILER V9.60.7.0   MAIN                                                              03/02/2026 20:35:44 PAGE 8   

00E5         ?C0031:
                                           ; SOURCE LINE # 107
00E5 7B2A              MOV     R3,#02AH
00E7 AD00        R     MOV     R5,Current_Row
00E9 7F02              MOV     R7,#02H
00EB 120000      E     LCALL   _LCD_ShowChar
                                           ; SOURCE LINE # 108
00EE         ?C0052:
00EE 7400        R     MOV     A,#LOW InputPassWord
00F0 2500        R     ADD     A,Current_Char
00F2 F8                MOV     R0,A
00F3 E4                CLR     A
00F4 F6                MOV     @R0,A
                                           ; SOURCE LINE # 109
00F5 804D              SJMP    ?C0012
                                           ; SOURCE LINE # 111
00F7         ?C0032:
                                           ; SOURCE LINE # 112
00F7 7F01              MOV     R7,#01H
00F9 120000      E     LCALL   _LCD_ClearManual
                                           ; SOURCE LINE # 113
00FC 7800        R     MOV     R0,#LOW InputPassWord
00FE 7C00        R     MOV     R4,#HIGH InputPassWord
0100 7D00              MOV     R5,#00H
0102 AB00        R     MOV     R3,PassWord
0104 AA00        R     MOV     R2,PassWord+01H
0106 A900        R     MOV     R1,PassWord+02H
0108 120000      E     LCALL   ?C?STRCMP
010B EF                MOV     A,R7
010C 7BFF              MOV     R3,#0FFH
010E 7006              JNZ     ?C0033
                                           ; SOURCE LINE # 114
0110 7A00        R     MOV     R2,#HIGH ?SC_31
0112 7900        R     MOV     R1,#LOW ?SC_31
                                           ; SOURCE LINE # 115
0114 8004              SJMP    ?C0051
0116         ?C0033:
                                           ; SOURCE LINE # 116
0116 7A00        R     MOV     R2,#HIGH ?SC_39
0118 7900        R     MOV     R1,#LOW ?SC_39
011A         ?C0051:
011A 7D01              MOV     R5,#01H
011C 7F02              MOV     R7,#02H
011E 120000      E     LCALL   _LCD_ShowString
                                           ; SOURCE LINE # 117
0121         ?C0034:
                                           ; SOURCE LINE # 119
0121 7F64              MOV     R7,#064H
0123 7E00              MOV     R6,#00H
0125 120000      E     LCALL   _Buzzer
                                           ; SOURCE LINE # 120
0128 7FF4              MOV     R7,#0F4H
012A 7E01              MOV     R6,#01H
012C 120000      E     LCALL   _Delay
                                           ; SOURCE LINE # 121
012F 7F64              MOV     R7,#064H
0131 7E00              MOV     R6,#00H
0133 120000      E     LCALL   _Buzzer
                                           ; SOURCE LINE # 123
0136 7F01              MOV     R7,#01H
0138 120000      E     LCALL   _LCD_ClearManual
                                           ; SOURCE LINE # 124
C51 COMPILER V9.60.7.0   MAIN                                                              03/02/2026 20:35:44 PAGE 9   

013B 120000      R     LCALL   Init_PassWord
                                           ; SOURCE LINE # 125
013E 750001      R     MOV     Current_Row,#01H
                                           ; SOURCE LINE # 126
0141 E4                CLR     A
0142 F500        R     MOV     Current_Char,A
                                           ; SOURCE LINE # 127
                                           ; SOURCE LINE # 128
                                           ; SOURCE LINE # 129
0144         ?C0012:
                                           ; SOURCE LINE # 132
0144 E500        R     MOV     A,GetKey
0146 C3                CLR     C
0147 9401              SUBB    A,#01H
0149 5003              JNC     $ + 5H
014B 020000      R     LJMP    ?C0001
014E E500        R     MOV     A,GetKey
0150 D3                SETB    C
0151 9410              SUBB    A,#010H
0153 4003              JC      $ + 5H
0155 020000      R     LJMP    ?C0001
                                           ; SOURCE LINE # 133
0158 E500        R     MOV     A,GetKey
015A FB                MOV     R3,A
015B 7A00              MOV     R2,#00H
015D 750002      E     MOV     ?_LCD_ShowNum?BYTE+04H,#02H
0160 7D0F              MOV     R5,#0FH
0162 7F01              MOV     R7,#01H
0164 120000      E     LCALL   _LCD_ShowNum
                                           ; SOURCE LINE # 134
                                           ; SOURCE LINE # 135
0167 020000      R     LJMP    ?C0001
             ; FUNCTION main (END)

             ; FUNCTION DisplayPasswordScreen (BEGIN)
                                           ; SOURCE LINE # 141
                                           ; SOURCE LINE # 142
0000 7BFF              MOV     R3,#0FFH
0002 7A00        R     MOV     R2,#HIGH ?SC_45
0004 7900        R     MOV     R1,#LOW ?SC_45
0006 7D01              MOV     R5,#01H
0008 7F01              MOV     R7,#01H
000A 120000      E     LCALL   _LCD_ShowString
                                           ; SOURCE LINE # 143
000D 020000      R     LJMP    Init_PassWord
             ; FUNCTION DisplayPasswordScreen (END)

             ; FUNCTION Init_PassWord (BEGIN)
                                           ; SOURCE LINE # 149
                                           ; SOURCE LINE # 151
0000 750001      R     MOV     i,#01H
0003         ?C0038:
                                           ; SOURCE LINE # 152
0003 7B2A              MOV     R3,#02AH
0005 AD00        R     MOV     R5,i
0007 7F02              MOV     R7,#02H
0009 120000      E     LCALL   _LCD_ShowChar
                                           ; SOURCE LINE # 153
000C 0500        R     INC     i
000E E500        R     MOV     A,i
0010 D3                SETB    C
0011 940D              SUBB    A,#0DH
C51 COMPILER V9.60.7.0   MAIN                                                              03/02/2026 20:35:44 PAGE 10  

0013 40EE              JC      ?C0038
0015         ?C0039:
                                           ; SOURCE LINE # 154
0015 7E00              MOV     R6,#00H
0017 7F0E              MOV     R7,#0EH
0019 7D00              MOV     R5,#00H
001B 7B00              MOV     R3,#00H
001D 7A00        R     MOV     R2,#HIGH InputPassWord
001F 7900        R     MOV     R1,#LOW InputPassWord
0021 020000      E     LJMP    ?C?MEMSET
             ; FUNCTION Init_PassWord (END)

             ; FUNCTION Show_Time (BEGIN)
                                           ; SOURCE LINE # 160
                                           ; SOURCE LINE # 161
                                           ; SOURCE LINE # 162
0000 E500        R     MOV     A,hour
0002 FB                MOV     R3,A
0003 7A00              MOV     R2,#00H
0005 750002      E     MOV     ?_LCD_ShowNum?BYTE+04H,#02H
0008 7D01              MOV     R5,#01H
000A 7F02              MOV     R7,#02H
000C 120000      E     LCALL   _LCD_ShowNum
                                           ; SOURCE LINE # 163
000F 7B3A              MOV     R3,#03AH
0011 7D03              MOV     R5,#03H
0013 7F02              MOV     R7,#02H
0015 120000      E     LCALL   _LCD_ShowChar
                                           ; SOURCE LINE # 164
0018 E500        R     MOV     A,minute
001A FB                MOV     R3,A
001B 7A00              MOV     R2,#00H
001D 750002      E     MOV     ?_LCD_ShowNum?BYTE+04H,#02H
0020 7D04              MOV     R5,#04H
0022 7F02              MOV     R7,#02H
0024 120000      E     LCALL   _LCD_ShowNum
                                           ; SOURCE LINE # 165
0027 7B3A              MOV     R3,#03AH
0029 7D06              MOV     R5,#06H
002B 7F02              MOV     R7,#02H
002D 120000      E     LCALL   _LCD_ShowChar
                                           ; SOURCE LINE # 166
0030 E500        R     MOV     A,second
0032 FB                MOV     R3,A
0033 7A00              MOV     R2,#00H
0035 750002      E     MOV     ?_LCD_ShowNum?BYTE+04H,#02H
0038 7D07              MOV     R5,#07H
003A 7F02              MOV     R7,#02H
003C 020000      E     LJMP    _LCD_ShowNum
             ; FUNCTION Show_Time (END)

             ; FUNCTION Time_Loop (BEGIN)
                                           ; SOURCE LINE # 170
                                           ; SOURCE LINE # 171
                                           ; SOURCE LINE # 173
0000 300027      R     JNB     timer_running,?C0047
                                           ; SOURCE LINE # 174
0003 0500        R     INC     second
0005 E500        R     MOV     A,second
0007 C3                CLR     C
0008 943C              SUBB    A,#03CH
000A 4005              JC      ?C0044
C51 COMPILER V9.60.7.0   MAIN                                                              03/02/2026 20:35:44 PAGE 11  

                                           ; SOURCE LINE # 175
000C E4                CLR     A
000D F500        R     MOV     second,A
                                           ; SOURCE LINE # 176
000F 0500        R     INC     minute
                                           ; SOURCE LINE # 177
0011         ?C0044:
                                           ; SOURCE LINE # 179
0011 E500        R     MOV     A,minute
0013 C3                CLR     C
0014 943C              SUBB    A,#03CH
0016 4005              JC      ?C0045
                                           ; SOURCE LINE # 180
0018 E4                CLR     A
0019 F500        R     MOV     minute,A
                                           ; SOURCE LINE # 181
001B 0500        R     INC     hour
                                           ; SOURCE LINE # 182
001D         ?C0045:
                                           ; SOURCE LINE # 184
001D E500        R     MOV     A,hour
001F C3                CLR     C
0020 9418              SUBB    A,#018H
0022 4003              JC      ?C0046
                                           ; SOURCE LINE # 185
0024 E4                CLR     A
0025 F500        R     MOV     hour,A
                                           ; SOURCE LINE # 186
0027         ?C0046:
                                           ; SOURCE LINE # 189
0027 120000      R     LCALL   Show_Time
                                           ; SOURCE LINE # 190
                                           ; SOURCE LINE # 191
002A         ?C0047:
002A 22                RET     
             ; FUNCTION Time_Loop (END)

             ; FUNCTION Timer0_Rountine (BEGIN)
0000 C0E0              PUSH    ACC
0002 C0F0              PUSH    B
0004 C083              PUSH    DPH
0006 C082              PUSH    DPL
0008 C0D0              PUSH    PSW
000A 75D000            MOV     PSW,#00H
000D C000              PUSH    AR0
000F C001              PUSH    AR1
0011 C002              PUSH    AR2
0013 C003              PUSH    AR3
0015 C004              PUSH    AR4
0017 C005              PUSH    AR5
0019 C006              PUSH    AR6
001B C007              PUSH    AR7
                                           ; SOURCE LINE # 195
                                           ; SOURCE LINE # 199
001D 758CFC            MOV     TH0,#0FCH
                                           ; SOURCE LINE # 200
0020 758A17            MOV     TL0,#017H
                                           ; SOURCE LINE # 202
0023 0500        R     INC     second_count+01H
0025 E500        R     MOV     A,second_count+01H
0027 7002              JNZ     ?C0050
0029 0500        R     INC     second_count
C51 COMPILER V9.60.7.0   MAIN                                                              03/02/2026 20:35:44 PAGE 12  

002B         ?C0050:
002B C3                CLR     C
002C 94E8              SUBB    A,#0E8H
002E E500        R     MOV     A,second_count
0030 9403              SUBB    A,#03H
0032 4009              JC      ?C0049
                                           ; SOURCE LINE # 203
0034 750000      R     MOV     second_count,#00H
0037 750000      R     MOV     second_count+01H,#00H
                                           ; SOURCE LINE # 205
003A 120000      R     LCALL   Time_Loop
                                           ; SOURCE LINE # 206
                                           ; SOURCE LINE # 207
003D         ?C0049:
003D D007              POP     AR7
003F D006              POP     AR6
0041 D005              POP     AR5
0043 D004              POP     AR4
0045 D003              POP     AR3
0047 D002              POP     AR2
0049 D001              POP     AR1
004B D000              POP     AR0
004D D0D0              POP     PSW
004F D082              POP     DPL
0051 D083              POP     DPH
0053 D0F0              POP     B
0055 D0E0              POP     ACC
0057 32                RETI    
             ; FUNCTION Timer0_Rountine (END)



MODULE INFORMATION:   STATIC OVERLAYABLE
   CODE SIZE        =    608    ----
   CONSTANT SIZE    =     55    ----
   XDATA SIZE       =   ----    ----
   PDATA SIZE       =   ----    ----
   DATA SIZE        =     23       3
   IDATA SIZE       =   ----    ----
   BIT SIZE         =      2    ----
END OF MODULE INFORMATION.


C51 COMPILATION COMPLETE.  0 WARNING(S),  0 ERROR(S)
