C51 COMPILER V9.60.7.0   MAIN                                                              08/28/2025 19:36:31 PAGE 1   


C51 COMPILER V9.60.7.0, COMPILATION OF MODULE MAIN
OBJECT MODULE PLACED IN .\Objects\main.obj
COMPILER INVOKED BY: D:\Keil_v5\C51\BIN\C51.EXE main.c OPTIMIZE(8,SPEED) BROWSE DEBUG OBJECTEXTEND PRINT(.\Listings\main
                    -.lst) OBJECT(.\Objects\main.obj)

line level    source

   1          #include <REGX52.H>
   2          #include "LCD1602.H"
   3          #include "DS1302.H"
   4          #include "Delay.H"
   5          
   6          unsigned char SetTime[] = {30, 30, 10, 20, 8, 3, 25};
   7          
   8          void main()
   9          {
  10   1              LCD_Init();
  11   1              //DS1302_Init();
  12   1              
  13   1              LCD_ShowString(1, 1, "    -  -  ");
  14   1              LCD_ShowString(2, 1, "  :  :  ");
  15   1              while(1)
  16   1              {
  17   2                      //year
  18   2                      LCD_ShowNum(1, 1, 20, 2);
  19   2                      LCD_ShowNum(1, 3, BcdToDec(DS1302_ReadByte(0x8D)), 2);
  20   2                      
  21   2                      //month
  22   2                      LCD_ShowNum(1, 6, BcdToDec(DS1302_ReadByte(0x89)), 2);
  23   2                      
  24   2                      //date
  25   2                      LCD_ShowNum(1, 9, BcdToDec(DS1302_ReadByte(0x87)), 2);
  26   2                      
  27   2                      //hour
  28   2                      LCD_ShowNum(2, 1, BcdToDec(DS1302_ReadByte(0x85)), 2);
  29   2                      
  30   2                      //minute
  31   2                      LCD_ShowNum(2, 4, BcdToDec(DS1302_ReadByte(0x83)), 2);
  32   2                      
  33   2                      //second
  34   2                      LCD_ShowNum(2, 7, BcdToDec(DS1302_ReadByte(0x81)), 2);
  35   2              }
  36   1      }


MODULE INFORMATION:   STATIC OVERLAYABLE
   CODE SIZE        =    178    ----
   CONSTANT SIZE    =     20    ----
   XDATA SIZE       =   ----    ----
   PDATA SIZE       =   ----    ----
   DATA SIZE        =      7    ----
   IDATA SIZE       =   ----    ----
   BIT SIZE         =   ----    ----
END OF MODULE INFORMATION.


C51 COMPILATION COMPLETE.  0 WARNING(S),  0 ERROR(S)
