C51 COMPILER V9.60.7.0   AT24C02                                                           08/21/2025 10:46:06 PAGE 1   


C51 COMPILER V9.60.7.0, COMPILATION OF MODULE AT24C02
OBJECT MODULE PLACED IN .\Objects\AT24C02.obj
COMPILER INVOKED BY: D:\Keil_v5\C51\BIN\C51.EXE AT24C02.c OPTIMIZE(8,SPEED) BROWSE DEBUG OBJECTEXTEND PRINT(.\Listings\A
                    -T24C02.lst) OBJECT(.\Objects\AT24C02.obj)

line level    source

   1          #include <REGX52.H>
   2          #include "AT24C02.H"
   3          #include "IIC.H"
   4          
   5          #define AT24C02_ADDRESS 0xA0
   6          void AT24C02_WriteByte(unsigned char WordAddress, unsigned char Data)
   7          {
   8   1              IIC_Start();
   9   1              
  10   1              IIC_SendByte(AT24C02_ADDRESS);
  11   1              IIC_ReceiveAck();
  12   1              
  13   1              IIC_SendByte(WordAddress);
  14   1              IIC_ReceiveAck();
  15   1              
  16   1              IIC_SendByte(Data);
  17   1              IIC_ReceiveAck();
  18   1              
  19   1              IIC_Over();
  20   1      }
  21          
  22          unsigned char AT24C02_ReadByte(unsigned char WordAddress)
  23          {
  24   1              unsigned char ReadByte;
  25   1              
  26   1              IIC_Start();
  27   1              
  28   1              IIC_SendByte(AT24C02_ADDRESS);
  29   1              IIC_ReceiveAck();
  30   1              
  31   1              IIC_SendByte(WordAddress);
  32   1              IIC_ReceiveAck();
  33   1              
  34   1              IIC_Start();
  35   1              IIC_SendByte(AT24C02_ADDRESS | 0x01);
  36   1              IIC_ReceiveAck();
  37   1              
  38   1              ReadByte = IIC_ReceiveByte();
  39   1              IIC_SendAck(1);
  40   1              
  41   1              IIC_Over();
  42   1              
  43   1              return ReadByte;
  44   1      }


MODULE INFORMATION:   STATIC OVERLAYABLE
   CODE SIZE        =     82    ----
   CONSTANT SIZE    =   ----    ----
   XDATA SIZE       =   ----    ----
   PDATA SIZE       =   ----    ----
   DATA SIZE        =   ----       4
   IDATA SIZE       =   ----    ----
   BIT SIZE         =   ----    ----
C51 COMPILER V9.60.7.0   AT24C02                                                           08/21/2025 10:46:06 PAGE 2   

END OF MODULE INFORMATION.


C51 COMPILATION COMPLETE.  0 WARNING(S),  0 ERROR(S)
