C51 COMPILER V9.60.7.0   IIC                                                               08/21/2025 11:58:18 PAGE 1   


C51 COMPILER V9.60.7.0, COMPILATION OF MODULE IIC
OBJECT MODULE PLACED IN .\Objects\IIC.obj
COMPILER INVOKED BY: D:\Keil_v5\C51\BIN\C51.EXE IIC.c OPTIMIZE(8,SPEED) BROWSE DEBUG OBJECTEXTEND PRINT(.\Listings\IIC.l
                    -st) OBJECT(.\Objects\IIC.obj)

line level    source

   1          #include <REGX52.H>
   2          #include "IIC.H"
   3          
   4          sbit IIC_SCL = P2^1;
   5          sbit IIC_SDA = P2^0;
   6          
   7          void IIC_Start(void)
   8          {
   9   1              IIC_SDA = 1;
  10   1              IIC_SCL = 1;
  11   1              IIC_SDA = 0;
  12   1              IIC_SCL = 0;
  13   1      }
  14          
  15          void IIC_Over(void)
  16          {
  17   1              IIC_SDA = 0;
  18   1              IIC_SCL = 1;
  19   1              IIC_SDA = 1;
  20   1      }
  21          
  22          void IIC_SendByte(unsigned char Byte)
  23          {
  24   1              unsigned char i;
  25   1              for(i = 0; i < 8; ++i)
  26   1              {
  27   2                      IIC_SDA = (0x80 >> i) & Byte;
  28   2                      IIC_SCL = 1;
  29   2                      IIC_SCL = 0;
  30   2              }
  31   1      }
  32          
  33          unsigned char IIC_ReceiveByte(void)
  34          {
  35   1              unsigned char i, Byte = 0;
  36   1              IIC_SDA = 1;
  37   1              for(i = 0; i < 8; ++i)
  38   1              {
  39   2                      IIC_SCL = 1;
  40   2                      if(IIC_SDA)
  41   2                      {
  42   3                              Byte |= (0x80 >> i);
  43   3                      }
  44   2                      IIC_SCL = 0;
  45   2              }
  46   1              
  47   1              return Byte;
  48   1      }
  49          
  50          //AckBit -> 0 发送应答 1 接受应答
  51          void IIC_SendAck(bit AckBit)
  52          {
  53   1              IIC_SDA = AckBit;
  54   1              IIC_SCL = 1;
C51 COMPILER V9.60.7.0   IIC                                                               08/21/2025 11:58:18 PAGE 2   

  55   1              IIC_SCL = 0;
  56   1      }
  57          
  58          unsigned char IIC_ReceiveAck(void)
  59          {
  60   1              unsigned char AckBit = 0;
  61   1              IIC_SDA = 1;
  62   1              IIC_SCL = 1;
  63   1              
  64   1              if(IIC_SDA)     AckBit = 1;
  65   1              IIC_SCL = 0;
  66   1              
  67   1              return AckBit;
  68   1      }


MODULE INFORMATION:   STATIC OVERLAYABLE
   CODE SIZE        =    109    ----
   CONSTANT SIZE    =   ----    ----
   XDATA SIZE       =   ----    ----
   PDATA SIZE       =   ----    ----
   DATA SIZE        =   ----    ----
   IDATA SIZE       =   ----    ----
   BIT SIZE         =   ----       1
END OF MODULE INFORMATION.


C51 COMPILATION COMPLETE.  0 WARNING(S),  0 ERROR(S)
