C51 COMPILER V9.60.7.0   AT24C02                                                           09/01/2025 15:16:53 PAGE 1   


C51 COMPILER V9.60.7.0, COMPILATION OF MODULE AT24C02
OBJECT MODULE PLACED IN .\Objects\AT24C02.obj
COMPILER INVOKED BY: D:\Keil_v5\C51\BIN\C51.EXE AT24C02.c OPTIMIZE(8,SPEED) BROWSE DEBUG OBJECTEXTEND PRINT(.\Listings\A
                    -T24C02.lst) OBJECT(.\Objects\AT24C02.obj)

line level    source

   1          #include <REGX52.H>
   2          #include "IIC.h"
   3          
   4          void AT24C02_WriteByte(unsigned char Address, unsigned char Data)
   5          {
   6   1              IIC_START();
   7   1              
   8   1              IIC_SendByte(0xA0);
   9   1              IIC_ReviceACK();
  10   1              
  11   1              IIC_SendByte(Address);
  12   1              IIC_ReviceACK();
  13   1              
  14   1              IIC_SendByte(Data);
  15   1              IIC_ReviceACK();
  16   1              
  17   1              IIC_STOP();
  18   1      }
  19          
  20          unsigned char AT24C02_ReadByte(unsigned char Address)
  21          {
  22   1              unsigned char Data = 0x00;
  23   1              
  24   1              IIC_START();
  25   1              
  26   1              IIC_SendByte(0xA0);
  27   1              IIC_ReviceACK();
  28   1              
  29   1              IIC_SendByte(Address);
  30   1              IIC_ReviceACK();
  31   1              
  32   1              IIC_START();
  33   1              
  34   1              IIC_SendByte(0xA1);
  35   1              IIC_ReviceACK();
  36   1              
  37   1              Data=IIC_ReviceByte();
  38   1              IIC_SendACK(1);
  39   1              
  40   1              IIC_STOP();
  41   1              
  42   1              return Data;
  43   1      }


MODULE INFORMATION:   STATIC OVERLAYABLE
   CODE SIZE        =     85    ----
   CONSTANT SIZE    =   ----    ----
   XDATA SIZE       =   ----    ----
   PDATA SIZE       =   ----    ----
   DATA SIZE        =   ----       4
   IDATA SIZE       =   ----    ----
   BIT SIZE         =   ----    ----
END OF MODULE INFORMATION.

C51 COMPILER V9.60.7.0   AT24C02                                                           09/01/2025 15:16:53 PAGE 2   


C51 COMPILATION COMPLETE.  0 WARNING(S),  0 ERROR(S)
