C51 COMPILER V9.60.7.0   KEY                                                               09/01/2025 15:16:53 PAGE 1   


C51 COMPILER V9.60.7.0, COMPILATION OF MODULE KEY
OBJECT MODULE PLACED IN .\Objects\Key.obj
COMPILER INVOKED BY: D:\Keil_v5\C51\BIN\C51.EXE Key.c OPTIMIZE(8,SPEED) BROWSE DEBUG OBJECTEXTEND PRINT(.\Listings\Key.l
                    -st) OBJECT(.\Objects\Key.obj)

line level    source

   1          #include <REGX52.H>
   2          #include "Delay.h"
   3          
   4          unsigned char Keys;
   5          
   6          unsigned char Key(void)
   7          {
   8   1              unsigned char KeyNumber = 0;
   9   1              if(!P3_1){Delay(10);while(!P3_1);Delay(10);KeyNumber = 1;}
  10   1              if(!P3_0){Delay(10);while(!P3_0);Delay(10);KeyNumber = 2;}
  11   1              if(!P3_2){Delay(10);while(!P3_2);Delay(10);KeyNumber = 3;}
  12   1              if(!P3_3){Delay(10);while(!P3_3);Delay(10);KeyNumber = 4;}
  13   1              
  14   1              return KeyNumber;
  15   1      }
  16          
  17          unsigned char GetKey(void)
  18          {
  19   1              unsigned char tmp;
  20   1              tmp = Keys;
  21   1              Keys = 0;
  22   1              return tmp;
  23   1      }
  24          
  25          unsigned char Key_State(void)
  26          {
  27   1              unsigned char KeyNumber = 0;
  28   1              if(!P3_1){KeyNumber = 1;}
  29   1              if(!P3_0){KeyNumber = 2;}
  30   1              if(!P3_2){KeyNumber = 3;}
  31   1              if(!P3_3){KeyNumber = 4;}
  32   1              
  33   1              return KeyNumber;
  34   1      }
  35          
  36          void Key_Loop(void)
  37          {
  38   1              static unsigned char Last, Now;
  39   1              Last = Now;
  40   1              Now = Key_State();
  41   1              
  42   1              if(Last == 1 && !Now)   Keys = 1;
  43   1              if(Last == 2 && !Now)   Keys = 2;
  44   1              if(Last == 3 && !Now)   Keys = 3;
  45   1              if(Last == 4 && !Now)   Keys = 4;
  46   1      }


MODULE INFORMATION:   STATIC OVERLAYABLE
   CODE SIZE        =    182    ----
   CONSTANT SIZE    =   ----    ----
   XDATA SIZE       =   ----    ----
   PDATA SIZE       =   ----    ----
   DATA SIZE        =      3       1
C51 COMPILER V9.60.7.0   KEY                                                               09/01/2025 15:16:53 PAGE 2   

   IDATA SIZE       =   ----    ----
   BIT SIZE         =   ----    ----
END OF MODULE INFORMATION.


C51 COMPILATION COMPLETE.  0 WARNING(S),  0 ERROR(S)
