C51 COMPILER V9.60.7.0   MATRIXKEY                                                         09/01/2025 15:16:52 PAGE 1   


C51 COMPILER V9.60.7.0, COMPILATION OF MODULE MATRIXKEY
OBJECT MODULE PLACED IN .\Objects\MatrixKey.obj
COMPILER INVOKED BY: D:\Keil_v5\C51\BIN\C51.EXE MatrixKey.c OPTIMIZE(8,SPEED) BROWSE DEBUG OBJECTEXTEND PRINT(.\Listings
                    -\MatrixKey.lst) OBJECT(.\Objects\MatrixKey.obj)

line level    source

   1          #include <REGX52.H>
   2          #include "Delay.h"
   3          #include "MatrixKey.h"
   4          
   5          unsigned char MatrixKey(void)
   6          {
   7   1              static const unsigned char Key[4][4] = {
   8   1                      1,2,3,4,
   9   1                      5,6,7,8,
  10   1                      9,10,11,12,
  11   1                      13,14,15,16
  12   1              };
  13   1              
  14   1              unsigned char i, j;
  15   1              for(i = 0; i < 4; ++i)
  16   1              {
  17   2                      P1 = 0xFF;
  18   2                      P1 &= ~(0x01 << i);
  19   2                      for(j = 0; j < 4; ++j)
  20   2                      {
  21   3                              if(!(P1 & (0x01 << (j + 4))))
  22   3                              {
  23   4                                      Delay(5);
  24   4                                      while(!(P1 & (0x01 << (j + 4))));
  25   4                                      return Key[i][j];
  26   4                              }
  27   3                      }
  28   2              }
  29   1              
  30   1              return 0;
  31   1      }


MODULE INFORMATION:   STATIC OVERLAYABLE
   CODE SIZE        =    122    ----
   CONSTANT SIZE    =   ----    ----
   XDATA SIZE       =   ----    ----
   PDATA SIZE       =   ----    ----
   DATA SIZE        =     16       2
   IDATA SIZE       =   ----    ----
   BIT SIZE         =   ----    ----
END OF MODULE INFORMATION.


C51 COMPILATION COMPLETE.  0 WARNING(S),  0 ERROR(S)
