C51 COMPILER V9.60.7.0   ONEWIRE                                                           09/01/2025 15:16:53 PAGE 1   


C51 COMPILER V9.60.7.0, COMPILATION OF MODULE ONEWIRE
OBJECT MODULE PLACED IN .\Objects\OneWire.obj
COMPILER INVOKED BY: D:\Keil_v5\C51\BIN\C51.EXE OneWire.c OPTIMIZE(8,SPEED) BROWSE DEBUG OBJECTEXTEND PRINT(.\Listings\O
                    -neWire.lst) OBJECT(.\Objects\OneWire.obj)

line level    source

   1          #include <REGX52.H>
   2          #include "Delay.h"
   3          
   4          sbit OneWire_DQ = P3^7;
   5          
   6          bit OneWire_Init(void)
   7          {
   8   1              unsigned char data i;
   9   1              bit ACK;
  10   1              
  11   1      
  12   1              OneWire_DQ = 0;
  13   1              i = 227;while (--i);
  14   1              OneWire_DQ = 1;
  15   1              i = 20;while (--i);
  16   1              ACK = OneWire_DQ;
  17   1              i = 227;while (--i);
  18   1              return ACK;
  19   1      }
  20          
  21          void OneWire_SendBit(bit Data)
  22          {
  23   1              unsigned char data i;
  24   1              
  25   1              OneWire_DQ = 0;
  26   1              if(Data)
  27   1              {
  28   2                      i = 3;while (--i);
  29   2              }else
  30   1              {
  31   2                      i = 25;while (--i);
  32   2              }
  33   1              
  34   1              OneWire_DQ = 1;
  35   1              i = 25;while (--i);
  36   1      }
  37          
  38          bit OneWire_ReceiveBit(void)
  39          {
  40   1              bit Data;
  41   1              unsigned char data i;
  42   1              OneWire_DQ = 0;
  43   1              i = 2;while (--i);
  44   1              OneWire_DQ = 1;
  45   1              i = 2;while (--i);
  46   1              Data = OneWire_DQ;
  47   1              i = 20;while (--i);
  48   1              return Data;
  49   1      }
  50          
  51          unsigned char OneWire_ReceiveByte(void)
  52          {
  53   1              unsigned char Byte = 0x00, i;
  54   1              
C51 COMPILER V9.60.7.0   ONEWIRE                                                           09/01/2025 15:16:53 PAGE 2   

  55   1              for(i = 0; i < 8; ++i)
  56   1              {
  57   2                      if(OneWire_ReceiveBit())        Byte |= (0x01 << i);
  58   2              }
  59   1              
  60   1              return Byte;
  61   1      }
  62          
  63          void OneWire_SendByte(unsigned char Byte)
  64          {
  65   1              unsigned char i;
  66   1              
  67   1              for(i = 0; i < 8; ++i)
  68   1              {
  69   2                      OneWire_SendBit(Byte & (0x01 << i));
  70   2              }
  71   1              
  72   1      }


MODULE INFORMATION:   STATIC OVERLAYABLE
   CODE SIZE        =    137    ----
   CONSTANT SIZE    =   ----    ----
   XDATA SIZE       =   ----    ----
   PDATA SIZE       =   ----    ----
   DATA SIZE        =   ----    ----
   IDATA SIZE       =   ----    ----
   BIT SIZE         =   ----       3
END OF MODULE INFORMATION.


C51 COMPILATION COMPLETE.  0 WARNING(S),  0 ERROR(S)
