C51 COMPILER V9.60.7.0   MATRIXKEY                                                         08/20/2025 08:54:51 PAGE 1   


C51 COMPILER V9.60.7.0, COMPILATION OF MODULE MATRIXKEY
OBJECT MODULE PLACED IN .\Objects\MatrixKey.obj
COMPILER INVOKED BY: D:\Keil_v5\C51\BIN\C51.EXE MatrixKey.c OPTIMIZE(8,SPEED) BROWSE DEBUG OBJECTEXTEND PRINT(.\Listings
                    -\MatrixKey.lst) OBJECT(.\Objects\MatrixKey.obj)

line level    source

   1          #include <REGX51.H>
   2          #include "Delay.h"
   3          
   4          #define ROW 4
   5          #define COL 4
   6          
   7          // 按键值枚举
   8          enum KeyValues {
   9              KEY_1 = 1,
  10              KEY_2,
  11              KEY_3,
  12              KEY_4,
  13              KEY_5,
  14              KEY_6,
  15              KEY_7,
  16              KEY_8,
  17              KEY_9,
  18              KEY_10,
  19              KEY_11,
  20              KEY_12,
  21              KEY_13,
  22              KEY_14,
  23              KEY_15,
  24              KEY_16
  25          };
  26          
  27          unsigned char MatrixKey() {
  28   1          static const unsigned char KeyMap[4][4] = {
  29   1              {KEY_1, KEY_4, KEY_7, KEY_16},   // 第0行
  30   1              {KEY_2, KEY_5, KEY_8, KEY_15},   // 第1行
  31   1              {KEY_3, KEY_6, KEY_9, KEY_14},   // 第2行
  32   1              {KEY_10, KEY_11, KEY_12, KEY_13} // 第3行
  33   1          };
  34   1          
  35   1          unsigned char i, j;
  36   1          for(i = 0; i < ROW; ++i) {
  37   2              P1 = 0xFF;
  38   2              P1 &= ~(1 << (3 - i));
  39   2              
  40   2              for(j = 0; j < COL; ++j) {
  41   3                  if(!(P1 & (1 << (j + 4)))) {
  42   4                      Delay(5);
  43   4                      while(!(P1 & (1 << (j + 4))));
  44   4                      return KeyMap[i][j];
  45   4                  }
  46   3              }
  47   2          }
  48   1          
  49   1          return 0;
  50   1      }


MODULE INFORMATION:   STATIC OVERLAYABLE
   CODE SIZE        =    125    ----
C51 COMPILER V9.60.7.0   MATRIXKEY                                                         08/20/2025 08:54:51 PAGE 2   

   CONSTANT SIZE    =   ----    ----
   XDATA SIZE       =   ----    ----
   PDATA SIZE       =   ----    ----
   DATA SIZE        =     16       2
   IDATA SIZE       =   ----    ----
   BIT SIZE         =   ----    ----
END OF MODULE INFORMATION.


C51 COMPILATION COMPLETE.  0 WARNING(S),  0 ERROR(S)
