C51 COMPILER V9.60.7.0   MAIN                                                              08/16/2025 18:50:49 PAGE 1   


C51 COMPILER V9.60.7.0, COMPILATION OF MODULE MAIN
OBJECT MODULE PLACED IN .\Objects\main.obj
COMPILER INVOKED BY: D:\Keil_v5\C51\BIN\C51.EXE main.c OPTIMIZE(8,SPEED) BROWSE DEBUG OBJECTEXTEND PRINT(.\Listings\main
                    -.lst) OBJECT(.\Objects\main.obj)

line level    source

   1          #include <REGX52.H>
   2          #include "timer0.h"
   3          #include <INTRINS.H>
   4          
   5          #define TIMER_US 10000 // US
   6          
   7          void delay_ms(unsigned int ms);
   8          void Timer0_Rountine(void);
   9          
  10          bit Move_State = 0;
  11          
  12          int main()
  13          {
  14   1              Timer0_Init(TIMER_US);
  15   1              
  16   1              P2 = 0xFE; // Set P2.0 to low to indicate timer is running
  17   1      
  18   1              while(1)
  19   1              {
  20   2                      if(!P3_1)       Move_State = 1;
  21   2                      if(!P3_0)       Move_State = 0;
  22   2              }
  23   1      }
  24          
  25          void Timer0_Rountine(void) interrupt 1
  26          {
  27   1              static unsigned int T0Count = 0;
  28   1      
  29   1              TH0 = (MAX_US - TIMER_US) / 256;
  30   1              TL0 = (MAX_US - TIMER_US) % 256;
  31   1              
  32   1              if(++T0Count >= 100)
  33   1              {
  34   2                      if(Move_State)
  35   2                              P2 = _cror_(P2, 1); // Rotate P2 bits to the left
  36   2                      else
  37   2                              P2 = _crol_(P2, 1);
  38   2      
  39   2                      T0Count = 0;
  40   2              }
  41   1      }
  42          
  43          void delay_ms(unsigned int ms) {
  44   1              unsigned int i, j;
  45   1              for (i = 0; i < ms; i++)
  46   1                      for (j = 0; j < 112; j++);
  47   1      }


MODULE INFORMATION:   STATIC OVERLAYABLE
   CODE SIZE        =    134    ----
   CONSTANT SIZE    =   ----    ----
   XDATA SIZE       =   ----    ----
   PDATA SIZE       =   ----    ----
C51 COMPILER V9.60.7.0   MAIN                                                              08/16/2025 18:50:49 PAGE 2   

   DATA SIZE        =      2    ----
   IDATA SIZE       =   ----    ----
   BIT SIZE         =      1    ----
END OF MODULE INFORMATION.


C51 COMPILATION COMPLETE.  0 WARNING(S),  0 ERROR(S)
