C51 COMPILER V9.60.7.0   TIMER0                                                            08/16/2025 18:35:47 PAGE 1   


C51 COMPILER V9.60.7.0, COMPILATION OF MODULE TIMER0
OBJECT MODULE PLACED IN .\Objects\timer0.obj
COMPILER INVOKED BY: D:\Keil_v5\C51\BIN\C51.EXE timer0.c OPTIMIZE(8,SPEED) BROWSE DEBUG OBJECTEXTEND PRINT(.\Listings\ti
                    -mer0.lst) OBJECT(.\Objects\timer0.obj)

line level    source

   1          #include "timer0.h"
   2          #include <REGX52.H>
   3          
   4          //xms 为微秒
   5          void Timer0_Init(unsigned int xms)
   6          {
   7   1              TMOD = (TMOD & 0XF0) | 0x01;
   8   1              TF0 = 0;
   9   1              TR0 = 1;
  10   1              
  11   1              TH0 = (MAX_US - xms) / 256;
  12   1              TL0 = (MAX_US - xms) % 256;
  13   1              
  14   1              ET0 = 1;
  15   1              EA = 1;
  16   1              PT0 = 0;
  17   1      }


MODULE INFORMATION:   STATIC OVERLAYABLE
   CODE SIZE        =     95    ----
   CONSTANT SIZE    =   ----    ----
   XDATA SIZE       =   ----    ----
   PDATA SIZE       =   ----    ----
   DATA SIZE        =   ----       2
   IDATA SIZE       =   ----    ----
   BIT SIZE         =   ----    ----
END OF MODULE INFORMATION.


C51 COMPILATION COMPLETE.  0 WARNING(S),  0 ERROR(S)
