C51 COMPILER V9.60.7.0   DHT11                                                             09/05/2025 14:51:23 PAGE 1   


C51 COMPILER V9.60.7.0, COMPILATION OF MODULE DHT11
OBJECT MODULE PLACED IN .\Objects\DHT11.obj
COMPILER INVOKED BY: D:\Keil_v5\C51\BIN\C51.EXE DHT11.c OPTIMIZE(8,SPEED) BROWSE DEBUG OBJECTEXTEND PRINT(.\Listings\DHT
                    -11.lst) OBJECT(.\Objects\DHT11.obj)

line level    source

   1          #include <REGX52.H>
   2          #include "Delay.h"
   3          
   4          sbit DHT11_DQ = P1^3;
   5          
   6          void DHT11_Start(void)
   7          {
   8   1              unsigned char timeout;
   9   1              DHT11_DQ = 1;
  10   1              DHT11_DQ = 0;
  11   1              Delay(20);
  12   1              DHT11_DQ = 1;
  13   1              timeout = 0;
  14   1              while(DHT11_DQ && ++timeout <= 40);
  15   1      }
  16          
  17          bit DHT11_Check_Response(void)
  18          {
  19   1              unsigned char timeout;
  20   1              if(!DHT11_DQ)
  21   1              {
  22   2                      timeout = 0;
  23   2                      while(!DHT11_DQ && ++timeout <= 80);
  24   2                      if(timeout > 80)        return 0;
  25   2                      
  26   2                      if(DHT11_DQ)
  27   2                      {
  28   3                              timeout = 0;
  29   3                              while(DHT11_DQ && ++timeout <= 80);
  30   3                              if(timeout > 80)        return 0;
  31   3                              
  32   3                              return 1;
  33   3                      }
  34   2              }
  35   1              
  36   1              return 0;
  37   1      }
  38          
  39          bit DHT11_ReadBit(void)
  40          {
  41   1              unsigned char timeout, i;
  42   1              bit ACK = 0;
  43   1              
  44   1              timeout = 0;
  45   1              while(!DHT11_DQ && ++timeout <= 50);
  46   1              
  47   1              if(DHT11_DQ)
  48   1              {
  49   2                      i = 11;while (--i);//30us
  50   2                      if(DHT11_DQ)
  51   2                      {
  52   3                              ACK = 1;
  53   3                              i = 15;while (--i);//40us
  54   3                      }
C51 COMPILER V9.60.7.0   DHT11                                                             09/05/2025 14:51:23 PAGE 2   

  55   2              }
  56   1              
  57   1              return ACK;
  58   1      }
  59          
  60          unsigned char DHT11_ReadByte(void)
  61          {
  62   1              unsigned char i, Byte = 0x00;
  63   1              for(i = 0; i < 8; ++i)
  64   1              {
  65   2                      Byte <<= 1;
  66   2                      Byte |= DHT11_ReadBit();
  67   2              }
  68   1              
  69   1              return Byte;
  70   1      }
  71          
  72          bit DHT11_ReadData(unsigned char * Temp, unsigned char * Humi)
  73          {
  74   1              unsigned char Data[5], sum = 0x00;
  75   1              DHT11_Start();
  76   1              if(DHT11_Check_Response())
  77   1              {
  78   2                      Data[0] = DHT11_ReadByte();
  79   2                      Data[1] = DHT11_ReadByte();
  80   2                      Data[2] = DHT11_ReadByte();
  81   2                      Data[3] = DHT11_ReadByte();
  82   2                      Data[4] = DHT11_ReadByte();
  83   2                      
  84   2                      sum = Data[0] + Data[1] + Data[2] + Data[3];
  85   2                      if(sum == Data[4])
  86   2                      {
  87   3                              *Temp = Data[2];
  88   3                              *Humi = Data[0];
  89   3                              
  90   3                              return 1;
  91   3                      }
  92   2              }
  93   1              
  94   1              return 0;
  95   1      }


MODULE INFORMATION:   STATIC OVERLAYABLE
   CODE SIZE        =    209    ----
   CONSTANT SIZE    =   ----    ----
   XDATA SIZE       =   ----    ----
   PDATA SIZE       =   ----    ----
   DATA SIZE        =   ----      12
   IDATA SIZE       =   ----    ----
   BIT SIZE         =   ----       1
END OF MODULE INFORMATION.


C51 COMPILATION COMPLETE.  0 WARNING(S),  0 ERROR(S)
