C51 COMPILER V9.60.7.0   DHT22                                                             09/06/2025 18:02:20 PAGE 1   


C51 COMPILER V9.60.7.0, COMPILATION OF MODULE DHT22
OBJECT MODULE PLACED IN .\Objects\DHT22.obj
COMPILER INVOKED BY: D:\Keil_v5\C51\BIN\C51.EXE DHT22.c OPTIMIZE(8,SPEED) BROWSE DEBUG OBJECTEXTEND PRINT(.\Listings\DHT
                    -22.lst) OBJECT(.\Objects\DHT22.obj)

line level    source

   1          #include <REGX52.H>
   2          #include "Delay.h"
   3          
   4          sbit DHT22_DQ = P1^2;
   5          
   6          void DHT22_Start(void)
   7          {
   8   1              unsigned char timeout;
   9   1              DHT22_DQ = 1;
  10   1              DHT22_DQ = 0;
  11   1              Delay(1);
  12   1              DHT22_DQ = 1;
  13   1              timeout = 0;
  14   1              while(DHT22_DQ && ++timeout <= 25);
  15   1      }
  16          
  17          bit DHT22_Check_Response(void)
  18          {
  19   1              unsigned char timeout;
  20   1              if(DHT22_DQ == 0)
  21   1              {
  22   2                      timeout = 0;while(!DHT22_DQ && ++timeout <= 80);
  23   2                      if(timeout > 80)        return 0;
  24   2                      
  25   2                      if(DHT22_DQ == 1)
  26   2                      {
  27   3                              timeout = 0;while(DHT22_DQ && ++timeout <= 80);
  28   3                              if(timeout > 80)        return 0;
  29   3                              
  30   3                              return 1;
  31   3                      }
  32   2              }
  33   1              
  34   1              return 0;
  35   1      }
  36          
  37          bit DHT22_ReadBit(void)
  38          {
  39   1              unsigned char timeout, i;
  40   1              bit ACK = 0;
  41   1              
  42   1              timeout = 0;
  43   1              while(!DHT22_DQ && ++timeout <= 50);
  44   1              
  45   1              if(DHT22_DQ)
  46   1              {
  47   2                      i = 11;while (--i);//30us
  48   2                      if(DHT22_DQ)
  49   2                      {
  50   3                              ACK = 1;
  51   3                              i = 15;while (--i);//40us
  52   3                      }
  53   2              }
  54   1              
C51 COMPILER V9.60.7.0   DHT22                                                             09/06/2025 18:02:20 PAGE 2   

  55   1              return ACK;
  56   1      }
  57          
  58          unsigned char DHT22_ReadByte(void)
  59          {
  60   1              unsigned char Byte = 0x00, i;
  61   1              
  62   1              for(i = 0; i < 8; ++i)
  63   1              {
  64   2                      Byte <<= 1;
  65   2                      Byte |=  DHT22_ReadBit();
  66   2              }
  67   1              
  68   1              return Byte;
  69   1      }
  70          
  71          bit DHT22_ReadData(float * Temp, float * Humi)
  72          {
  73   1              unsigned char Data[5], sum = 0x00;
  74   1              
  75   1              DHT22_Start();
  76   1              if(DHT22_Check_Response())
  77   1              {
  78   2                      Data[0] = DHT22_ReadByte();
  79   2                      Data[1] = DHT22_ReadByte();
  80   2                      Data[2] = DHT22_ReadByte();
  81   2                      Data[3] = DHT22_ReadByte();
  82   2                      Data[4] = DHT22_ReadByte();
  83   2                      
  84   2                      sum = Data[0] + Data[1] + Data[2] + Data[3];
  85   2                      if(sum == Data[4])
  86   2                      {
  87   3                              *Temp = (((unsigned int)Data[2] << 8) | Data[3]) / 10.0F;
  88   3                              *Humi = (((unsigned int)Data[0] << 8) | Data[1]) / 10.0F;
  89   3                      }
  90   2                      
  91   2                      return 1;
  92   2              }
  93   1              
  94   1              return 0;
  95   1      }


MODULE INFORMATION:   STATIC OVERLAYABLE
   CODE SIZE        =    244    ----
   CONSTANT SIZE    =   ----    ----
   XDATA SIZE       =   ----    ----
   PDATA SIZE       =   ----    ----
   DATA SIZE        =   ----      12
   IDATA SIZE       =   ----    ----
   BIT SIZE         =   ----       1
END OF MODULE INFORMATION.


C51 COMPILATION COMPLETE.  0 WARNING(S),  0 ERROR(S)
