C51 COMPILER V9.60.7.0   IIC                                                               09/01/2025 15:16:53 PAGE 1   


C51 COMPILER V9.60.7.0, COMPILATION OF MODULE IIC
OBJECT MODULE PLACED IN .\Objects\IIC.obj
COMPILER INVOKED BY: D:\Keil_v5\C51\BIN\C51.EXE IIC.c OPTIMIZE(8,SPEED) BROWSE DEBUG OBJECTEXTEND PRINT(.\Listings\IIC.l
                    -st) OBJECT(.\Objects\IIC.obj)

line level    source

   1          #include <REGX52.H>
   2          
   3          sbit SDA = P2^0;
   4          sbit SCL = P2^1;
   5          
   6          void IIC_START(void)
   7          {
   8   1              SDA = 1;
   9   1              SCL = 1;
  10   1              SDA = 0;
  11   1              SCL = 0;
  12   1      }
  13          
  14          void IIC_STOP(void)
  15          {
  16   1              SDA = 0;
  17   1              SCL = 1;
  18   1              SDA = 1;
  19   1      }
  20          
  21          void IIC_SendByte(unsigned char Byte)
  22          {
  23   1              unsigned char i;
  24   1              for(i = 0; i < 8; ++i)
  25   1              {
  26   2                      SDA = Byte & (0x80 >> i);
  27   2                      SCL = 1;
  28   2                      SCL = 0;
  29   2              }
  30   1      }
  31          
  32          void IIC_SendACK(bit ACK)
  33          {
  34   1              SDA = ACK;
  35   1              SCL = 1;
  36   1              SCL = 0;
  37   1      }
  38          
  39          bit IIC_ReviceACK()
  40          {
  41   1              bit ACK;
  42   1              SDA = 1;
  43   1              SCL = 1;
  44   1              ACK = SDA;
  45   1              SCL = 0;
  46   1              return ACK;
  47   1      }
  48          
  49          unsigned char IIC_ReviceByte(void)
  50          {
  51   1              unsigned char i, Data = 0x00;
  52   1              SDA = 1;
  53   1              
  54   1              for(i = 0; i< 8;i++)
C51 COMPILER V9.60.7.0   IIC                                                               09/01/2025 15:16:53 PAGE 2   

  55   1              {
  56   2                      SCL = 0;
  57   2                      SCL = 1;
  58   2                      Data = (SDA) | (Data << 1);
  59   2                      //if(SDA) Data |= (0x80 >> i);
  60   2              }
  61   1              
  62   1              return Data;
  63   1      }


MODULE INFORMATION:   STATIC OVERLAYABLE
   CODE SIZE        =    103    ----
   CONSTANT SIZE    =   ----    ----
   XDATA SIZE       =   ----    ----
   PDATA SIZE       =   ----    ----
   DATA SIZE        =   ----    ----
   IDATA SIZE       =   ----    ----
   BIT SIZE         =   ----       2
END OF MODULE INFORMATION.


C51 COMPILATION COMPLETE.  0 WARNING(S),  0 ERROR(S)
