C51 COMPILER V9.60.7.0   NIXIE                                                             09/01/2025 15:16:52 PAGE 1   


C51 COMPILER V9.60.7.0, COMPILATION OF MODULE NIXIE
OBJECT MODULE PLACED IN .\Objects\Nixie.obj
COMPILER INVOKED BY: D:\Keil_v5\C51\BIN\C51.EXE Nixie.c OPTIMIZE(8,SPEED) BROWSE DEBUG OBJECTEXTEND PRINT(.\Listings\Nix
                    -ie.lst) OBJECT(.\Objects\Nixie.obj)

line level    source

   1          #include <REGX52.H>
   2          #include "Nixie.h"
   3          #include "Delay.h"
   4          
   5          #define NIXIE_SEG P0
   6          #define NIXIE_DIG P2
   7          
   8          unsigned char Nixie_Buf[]={10,10,11,10,10,11,10,10};
   9          
  10          const unsigned char Nixie_Number[] = {
  11              0x3F,
  12              0x06,
  13              0x5B,
  14              0x4F,
  15              0x66,
  16              0x6D,
  17              0x7D,
  18              0x07,
  19              0x7F,
  20              0x6F,
  21                  0x00,
  22                  0x40
  23          };
  24          
  25          void Nixie_SetBuf(unsigned char Location,Number)
  26          {
  27   1              Nixie_Buf[Location]=Number;
  28   1      }
  29          
  30          
  31          void Nixie(unsigned char Position, unsigned char Number)
  32          {
  33   1              NIXIE_SEG = 0x00;
  34   1              NIXIE_DIG = (Position << 2);
  35   1              NIXIE_SEG = Nixie_Number[Number];
  36   1      }
  37          
  38          void Nixie_Loop(void)
  39          {
  40   1              static unsigned char i;
  41   1              Nixie(i,Nixie_Buf[i]);
  42   1              i++;
  43   1              i %= 8;
  44   1      }


MODULE INFORMATION:   STATIC OVERLAYABLE
   CODE SIZE        =     45    ----
   CONSTANT SIZE    =   ----    ----
   XDATA SIZE       =   ----    ----
   PDATA SIZE       =   ----    ----
   DATA SIZE        =     21    ----
   IDATA SIZE       =   ----    ----
   BIT SIZE         =   ----    ----
C51 COMPILER V9.60.7.0   NIXIE                                                             09/01/2025 15:16:52 PAGE 2   

END OF MODULE INFORMATION.


C51 COMPILATION COMPLETE.  0 WARNING(S),  0 ERROR(S)
