C51 COMPILER V9.60.7.0   UART                                                              09/01/2025 15:16:53 PAGE 1   


C51 COMPILER V9.60.7.0, COMPILATION OF MODULE UART
OBJECT MODULE PLACED IN .\Objects\UART.obj
COMPILER INVOKED BY: D:\Keil_v5\C51\BIN\C51.EXE UART.c OPTIMIZE(8,SPEED) BROWSE DEBUG OBJECTEXTEND PRINT(.\Listings\UART
                    -.lst) OBJECT(.\Objects\UART.obj)

line level    source

   1          #include <REGX52.H>
   2          
   3          void UART_Init_Send(void)       //4800bps@11.0592MHz
   4          {
   5   1              PCON &= 0x3F;           //波特率不倍速
   6   1              SCON = 0x50;            //8位数据,可变波特率
   7   1              TMOD &= 0x0F;           //设置定时器模式
   8   1              TMOD |= 0x20;           //设置定时器模式
   9   1              TL1 = 0xFA;                     //设置定时初始值
  10   1              TH1 = 0xFA;                     //设置定时重载值
  11   1              ET1 = 0;                        //禁止定时器1中断
  12   1              TR1 = 1;                        //定时器1开始计时
  13   1      }
  14          
  15          void UART_Init_Revice(void)     //4800bps@11.0592MHz
  16          {
  17   1              UART_Init_Send();
  18   1              ES = 1;
  19   1              EA = 1;
  20   1      }
  21          
  22          void UART_SendByte(unsigned char Byte)
  23          {
  24   1              SBUF=Byte;
  25   1              while(TI==0);
  26   1              TI=0;
  27   1      }
  28          
  29          /*
  30          void UART_Routine(void) interrupt 4
  31          {
  32          
  33          }
  34          */


MODULE INFORMATION:   STATIC OVERLAYABLE
   CODE SIZE        =     39    ----
   CONSTANT SIZE    =   ----    ----
   XDATA SIZE       =   ----    ----
   PDATA SIZE       =   ----    ----
   DATA SIZE        =   ----    ----
   IDATA SIZE       =   ----    ----
   BIT SIZE         =   ----    ----
END OF MODULE INFORMATION.


C51 COMPILATION COMPLETE.  0 WARNING(S),  0 ERROR(S)
