C51 COMPILER V9.60.7.0   MAIN                                                              08/28/2025 17:43:05 PAGE 1   


C51 COMPILER V9.60.7.0, COMPILATION OF MODULE MAIN
OBJECT MODULE PLACED IN .\Objects\main.obj
COMPILER INVOKED BY: D:\Keil_v5\C51\BIN\C51.EXE main.c OPTIMIZE(8,SPEED) BROWSE DEBUG OBJECTEXTEND PRINT(.\Listings\main
                    -.lst) OBJECT(.\Objects\main.obj)

line level    source

   1          #include <REGX52.H>
   2          #include "UART.h"
   3          #include "Delay.h"
   4          
   5          unsigned int sec;
   6          
   7          void main()
   8          {
   9   1              //UART_Init_REVICE();
  10   1              UART_SendByte(0x11);
  11   1              while(1)
  12   1              {
  13   2                      
  14   2              }
  15   1      }
  16          
  17          void UART_Rountine(void)        interrupt 4
  18          {
  19   1              if(RI)
  20   1              {
  21   2                      P2 = ~SBUF;
  22   2                      RI = 0;
  23   2              }
  24   1      }       


MODULE INFORMATION:   STATIC OVERLAYABLE
   CODE SIZE        =     22    ----
   CONSTANT SIZE    =   ----    ----
   XDATA SIZE       =   ----    ----
   PDATA SIZE       =   ----    ----
   DATA SIZE        =      2    ----
   IDATA SIZE       =   ----    ----
   BIT SIZE         =   ----    ----
END OF MODULE INFORMATION.


C51 COMPILATION COMPLETE.  0 WARNING(S),  0 ERROR(S)
