C51 COMPILER V9.60.7.0   MAIN                                                              08/21/2025 11:58:18 PAGE 1   


C51 COMPILER V9.60.7.0, COMPILATION OF MODULE MAIN
OBJECT MODULE PLACED IN .\Objects\main.obj
COMPILER INVOKED BY: D:\Keil_v5\C51\BIN\C51.EXE main.c OPTIMIZE(8,SPEED) BROWSE DEBUG OBJECTEXTEND PRINT(.\Listings\main
                    -.lst) OBJECT(.\Objects\main.obj)

line level    source

   1          #include <REGX52.H>
   2          #include "LCD1602.H"
   3          #include "Key.h"
   4          #include "Delay.h"
   5          #include "AT24C02.H"
   6          
   7          unsigned char KeyNum;
   8          unsigned int Num;
   9          
  10          void main()
  11          {
  12   1              LCD_Init();
  13   1              
  14   1              LCD_ShowNum(1, 1, Num, 5);
  15   1              while(1)
  16   1              {
  17   2                      KeyNum = Key();
  18   2                      
  19   2                      if(KeyNum)      LCD_ShowNum(1, 10, KeyNum, 1);
  20   2                      switch(KeyNum)
  21   2                      {
  22   3                              case 1:
  23   3                                      --Num;
  24   3                                      LCD_ShowNum(1, 1, Num, 5);
  25   3                                      break;
  26   3                              case 2:
  27   3                                      ++Num;
  28   3                                      LCD_ShowNum(1, 1, Num, 5);
  29   3                                      break;
  30   3                              case 3:
  31   3                                      AT24C02_WriteByte(1, Num / 256);
  32   3                                      Delay(6);
  33   3                                      AT24C02_WriteByte(0, Num % 256);
  34   3                                      Delay(6);
  35   3                              
  36   3                                      LCD_ShowString(1, 15, "WT");
  37   3                                      Delay(1000);
  38   3                                      LCD_ShowString(1, 15, "  ");
  39   3                                      break;
  40   3                              case 4:
  41   3                                      Num = AT24C02_ReadByte(0);
  42   3                                      Num |= AT24C02_ReadByte(1) << 8;
  43   3                                      LCD_ShowNum(1, 1, Num, 5);
  44   3                              
  45   3                                      LCD_ShowString(1, 15, "RD");
  46   3                                      Delay(1000);
  47   3                                      LCD_ShowString(1, 15, "  ");
  48   3                                      break;
  49   3                      }
  50   2              }
  51   1      }


MODULE INFORMATION:   STATIC OVERLAYABLE
C51 COMPILER V9.60.7.0   MAIN                                                              08/21/2025 11:58:18 PAGE 2   

   CODE SIZE        =    216    ----
   CONSTANT SIZE    =      9    ----
   XDATA SIZE       =   ----    ----
   PDATA SIZE       =   ----    ----
   DATA SIZE        =      3    ----
   IDATA SIZE       =   ----    ----
   BIT SIZE         =   ----    ----
END OF MODULE INFORMATION.


C51 COMPILATION COMPLETE.  0 WARNING(S),  0 ERROR(S)
