C51 COMPILER V9.60.7.0   BUZZER                                                            03/02/2026 20:35:44 PAGE 1   


C51 COMPILER V9.60.7.0, COMPILATION OF MODULE BUZZER
OBJECT MODULE PLACED IN .\Objects\Buzzer.obj
COMPILER INVOKED BY: D:\Keil_v5\C51\BIN\C51.EXE Buzzer.c OPTIMIZE(8,SPEED) BROWSE DEBUG OBJECTEXTEND CODE PRINT(.\Listin
                    -gs\Buzzer.lst) PREPRINT(.\Listings\Buzzer.i) OBJECT(.\Objects\Buzzer.obj)

line level    source

   1          #include <REGX51.H>
   2          #include <INTRINS.H>
   3          #include "Buzzer.h"
   4          
   5          sbit beep = P2^5;
   6          void Delay500us(void);
   7          
   8          /**
   9           * @brief 蜂鸣器响动函数
  10           * @param xms 响动毫秒数
  11           */
  12          void Buzzer(unsigned int xms)
  13          {
  14   1              unsigned int i;
  15   1              for(i = 0; i < 2 * xms; ++i)
  16   1              {
  17   2                      beep =~beep;
  18   2                      Delay500us();
  19   2              }
  20   1      }
  21          
  22          /**
  23           * @brief 蜂鸣器专用延时函数
  24           */
  25          void Delay500us(void)   //@11.0592MHz
  26          {
  27   1              unsigned char data i;
  28   1      
  29   1              _nop_();
  30   1              i = 227;
  31   1              while (--i);
  32   1      }
C51 COMPILER V9.60.7.0   BUZZER                                                            03/02/2026 20:35:44 PAGE 2   

ASSEMBLY LISTING OF GENERATED OBJECT CODE


             ; FUNCTION _Buzzer (BEGIN)
                                           ; SOURCE LINE # 12
0000 8E00        R     MOV     xms,R6
0002 8F00        R     MOV     xms+01H,R7
                                           ; SOURCE LINE # 13
                                           ; SOURCE LINE # 15
0004 E4                CLR     A
0005 F500        R     MOV     i,A
0007 F500        R     MOV     i+01H,A
0009         ?C0001:
0009 E500        R     MOV     A,xms+01H
000B 25E0              ADD     A,ACC
000D FF                MOV     R7,A
000E E500        R     MOV     A,xms
0010 33                RLC     A
0011 FE                MOV     R6,A
0012 C3                CLR     C
0013 E500        R     MOV     A,i+01H
0015 9F                SUBB    A,R7
0016 E500        R     MOV     A,i
0018 9E                SUBB    A,R6
0019 500F              JNC     ?C0004
                                           ; SOURCE LINE # 16
                                           ; SOURCE LINE # 17
001B B2A5              CPL     beep
                                           ; SOURCE LINE # 18
001D 120000      R     LCALL   Delay500us
                                           ; SOURCE LINE # 19
0020 0500        R     INC     i+01H
0022 E500        R     MOV     A,i+01H
0024 70E3              JNZ     ?C0001
0026 0500        R     INC     i
0028         ?C0008:
0028 80DF              SJMP    ?C0001
                                           ; SOURCE LINE # 20
002A         ?C0004:
002A 22                RET     
             ; FUNCTION _Buzzer (END)

             ; FUNCTION Delay500us (BEGIN)
                                           ; SOURCE LINE # 25
                                           ; SOURCE LINE # 26
                                           ; SOURCE LINE # 29
0000 00                NOP     
                                           ; SOURCE LINE # 30
;---- Variable 'i' assigned to Register 'R7' ----
0001 7FE3              MOV     R7,#0E3H
0003         ?C0005:
                                           ; SOURCE LINE # 31
0003 DFFE              DJNZ    R7,?C0005
                                           ; SOURCE LINE # 32
0005 22                RET     
             ; FUNCTION Delay500us (END)



MODULE INFORMATION:   STATIC OVERLAYABLE
   CODE SIZE        =     49    ----
   CONSTANT SIZE    =   ----    ----
C51 COMPILER V9.60.7.0   BUZZER                                                            03/02/2026 20:35:44 PAGE 3   

   XDATA SIZE       =   ----    ----
   PDATA SIZE       =   ----    ----
   DATA SIZE        =   ----       4
   IDATA SIZE       =   ----    ----
   BIT SIZE         =   ----    ----
END OF MODULE INFORMATION.


C51 COMPILATION COMPLETE.  0 WARNING(S),  0 ERROR(S)
