C51 COMPILER V9.60.7.0   MAIN                                                              08/19/2025 20:48:40 PAGE 1   


C51 COMPILER V9.60.7.0, COMPILATION OF MODULE MAIN
OBJECT MODULE PLACED IN .\Objects\main.obj
COMPILER INVOKED BY: D:\Keil_v5\C51\BIN\C51.EXE main.c OPTIMIZE(8,SPEED) BROWSE DEBUG OBJECTEXTEND PRINT(.\Listings\main
                    -.lst) OBJECT(.\Objects\main.obj)

line level    source

   1          #include <REGX52.H>
   2          #include "MATRIXLED.h"
   3          #include "Delay.h"
   4          
   5          //32
   6          code unsigned char Face[] = {
   7                  0x3C,0x42,0xA9,0x85,0x85,0xA9,0x42,0x3C,
   8                  0x3C,0x42,0xA5,0x83,0x83,0xA5,0x42,0x3C,
   9                  0x3C,0x42,0xA9,0x85,0x85,0xA9,0x42,0x3C,
  10                  0x3C,0x42,0xA9,0x89,0x89,0xA9,0x42,0x3C,
  11                  0x3C,0x42,0xA9,0x91,0x91,0xA9,0x42,0x3C,
  12          };
  13          
  14          void main()
  15          {
  16   1              unsigned char i, offset = 0, count = 0;
  17   1              
  18   1              MatrixLed_Init();
  19   1              while(1)
  20   1              {
  21   2                      for(i = 0; i < 8; ++i)
  22   2                      {
  23   3                              MatrixLed_Show(i, Face[i + offset]);
  24   3                      }
  25   2                      
  26   2                      if(count++ >= 10)
  27   2                      {
  28   3                              count = 0;
  29   3                              offset += 8;
  30   3                              if(offset >= sizeof(Face) - 7)
  31   3                              {
  32   4                                      offset = 0;
  33   4                              }
  34   3                      }
  35   2              }
  36   1      }


MODULE INFORMATION:   STATIC OVERLAYABLE
   CODE SIZE        =     63    ----
   CONSTANT SIZE    =     40    ----
   XDATA SIZE       =   ----    ----
   PDATA SIZE       =   ----    ----
   DATA SIZE        =   ----       3
   IDATA SIZE       =   ----    ----
   BIT SIZE         =   ----    ----
END OF MODULE INFORMATION.


C51 COMPILATION COMPLETE.  0 WARNING(S),  0 ERROR(S)
