C51 COMPILER V9.60.7.0   MATRIXLED                                                         08/19/2025 14:26:55 PAGE 1   


C51 COMPILER V9.60.7.0, COMPILATION OF MODULE MATRIXLED
OBJECT MODULE PLACED IN .\Objects\MatrixLed.obj
COMPILER INVOKED BY: D:\Keil_v5\C51\BIN\C51.EXE MatrixLed.c OPTIMIZE(8,SPEED) BROWSE DEBUG OBJECTEXTEND PRINT(.\Listings
                    -\MatrixLed.lst) OBJECT(.\Objects\MatrixLed.obj)

line level    source

   1          #include <REGX52.H>
   2          #include "MatrixLed.h"
   3          #include "Delay.h"
   4          
   5          void _74HC595_Write(unsigned char Num);
   6          
   7          sbit RCK = P3^5;
   8          sbit SCK = P3^6;
   9          sbit SER = P3^4;
  10          
  11          void MatrixLed_Init()
  12          {
  13   1              SCK = 0;
  14   1              RCK = 0;
  15   1      }
  16          
  17          void MatrixLed_Show(unsigned char Col, unsigned char Data)
  18          {
  19   1              _74HC595_Write(Data);
  20   1              
  21   1              P0 = ~(0x80 >> Col);
  22   1              
  23   1              Delay(1);
  24   1              P0 = 0xFF;
  25   1      }
  26          
  27          void _74HC595_Write(unsigned char Num)
  28          {
  29   1              unsigned char i;
  30   1              for(i = 0; i < 8; ++i)
  31   1              {
  32   2                      SER = Num & (0x80 >> i);
  33   2                      SCK = 0;
  34   2                      SCK = 1;
  35   2              }
  36   1              
  37   1              RCK = 1;
  38   1              RCK = 0;
  39   1      }
  40          


MODULE INFORMATION:   STATIC OVERLAYABLE
   CODE SIZE        =     86    ----
   CONSTANT SIZE    =   ----    ----
   XDATA SIZE       =   ----    ----
   PDATA SIZE       =   ----    ----
   DATA SIZE        =   ----       1
   IDATA SIZE       =   ----    ----
   BIT SIZE         =   ----    ----
END OF MODULE INFORMATION.


C51 COMPILATION COMPLETE.  0 WARNING(S),  0 ERROR(S)
