C51 COMPILER V9.60.7.0   DS18B20                                                           08/27/2025 16:57:28 PAGE 1   


C51 COMPILER V9.60.7.0, COMPILATION OF MODULE DS18B20
OBJECT MODULE PLACED IN .\Objects\DS18B20.obj
COMPILER INVOKED BY: D:\Keil_v5\C51\BIN\C51.EXE DS18B20.c OPTIMIZE(8,SPEED) BROWSE DEBUG OBJECTEXTEND PRINT(.\Listings\D
                    -S18B20.lst) OBJECT(.\Objects\DS18B20.obj)

line level    source

   1          #include <REGX52.H>
   2          #include "ONEWIRE.H"
   3          
   4          void DS18B20_ConvertT(void)
   5          {
   6   1              ONEWIRE_Init();
   7   1              ONEWIRE_SendByte(0xCC);
   8   1              ONEWIRE_SendByte(0x44);
   9   1      }
  10          
  11          float DS18B20_ReadT(void)
  12          {
  13   1              unsigned char LSB, MSB;
  14   1              float T;
  15   1              
  16   1              ONEWIRE_Init();
  17   1              ONEWIRE_SendByte(0xCC);
  18   1              ONEWIRE_SendByte(0xBE);
  19   1              
  20   1              LSB=ONEWIRE_ReviceByte();
  21   1              MSB=ONEWIRE_ReviceByte();
  22   1              T = (MSB << 8 | LSB) / 16.0;
  23   1              return T;
  24   1      }


MODULE INFORMATION:   STATIC OVERLAYABLE
   CODE SIZE        =     52    ----
   CONSTANT SIZE    =   ----    ----
   XDATA SIZE       =   ----    ----
   PDATA SIZE       =   ----    ----
   DATA SIZE        =   ----       1
   IDATA SIZE       =   ----    ----
   BIT SIZE         =   ----    ----
END OF MODULE INFORMATION.


C51 COMPILATION COMPLETE.  0 WARNING(S),  0 ERROR(S)
