C51 COMPILER V9.60.7.0   ONEWIRE                                                           08/27/2025 16:57:49 PAGE 1   


C51 COMPILER V9.60.7.0, COMPILATION OF MODULE ONEWIRE
OBJECT MODULE PLACED IN .\Objects\ONEWIRE.obj
COMPILER INVOKED BY: D:\Keil_v5\C51\BIN\C51.EXE ONEWIRE.c OPTIMIZE(8,SPEED) BROWSE DEBUG OBJECTEXTEND PRINT(.\Listings\O
                    -NEWIRE.lst) OBJECT(.\Objects\ONEWIRE.obj)

line level    source

   1          #include <REGX52.H>
   2          #include "ONEWIRE.H"
   3          
   4          sbit OneWire_DQ = P3^7;
   5          
   6          unsigned char ONEWIRE_Init(void)
   7          {
   8   1              unsigned char data i, AckBit;
   9   1              
  10   1              OneWire_DQ = 1;
  11   1              OneWire_DQ = 0;
  12   1              i = 227;while (--i);//500us
  13   1              
  14   1              OneWire_DQ = 1;
  15   1              i = 25;while (--i);// 60us
  16   1              
  17   1              AckBit=OneWire_DQ;
  18   1              i = 247;while (--i);            //Delay 500us
  19   1              return AckBit;
  20   1      }
  21          
  22          unsigned char OneWire_ReceiveBit(void)
  23          {
  24   1              unsigned char i;
  25   1              unsigned char Bit;
  26   1              OneWire_DQ=0;
  27   1              i = 2;while (--i);                      //Delay 5us
  28   1              OneWire_DQ=1;
  29   1              i = 2;while (--i);                      //Delay 5us
  30   1              Bit=OneWire_DQ;
  31   1              i = 24;while (--i);                     //Delay 50us
  32   1              return Bit;
  33   1      }
  34          void OneWire_SendBit(unsigned char Bit)
  35          {
  36   1              unsigned char i;
  37   1              OneWire_DQ=0;
  38   1              i = 4;while (--i);                      //Delay 10us
  39   1              OneWire_DQ=Bit;
  40   1              i = 24;while (--i);                     //Delay 50us
  41   1              OneWire_DQ=1;
  42   1      }
  43          void ONEWIRE_SendByte(unsigned char Byte)
  44          
  45          {
  46   1              unsigned char i;
  47   1              for(i = 0; i < 8; ++i)
  48   1              {
  49   2                      OneWire_SendBit(Byte & (0x01 << i));
  50   2              }
  51   1      }
  52          
  53          unsigned char ONEWIRE_ReviceByte()
  54          {
C51 COMPILER V9.60.7.0   ONEWIRE                                                           08/27/2025 16:57:49 PAGE 2   

  55   1              unsigned char i, Byte = 0x00;
  56   1              for(i = 0; i < 8; ++i)
  57   1              {
  58   2                      if(OneWire_ReceiveBit())
  59   2                      {
  60   3                              Byte |= (0x01 << i);
  61   3                      }
  62   2              }
  63   1              
  64   1              return Byte;
  65   1      }


MODULE INFORMATION:   STATIC OVERLAYABLE
   CODE SIZE        =    122    ----
   CONSTANT SIZE    =   ----    ----
   XDATA SIZE       =   ----    ----
   PDATA SIZE       =   ----    ----
   DATA SIZE        =   ----    ----
   IDATA SIZE       =   ----    ----
   BIT SIZE         =   ----    ----
END OF MODULE INFORMATION.


C51 COMPILATION COMPLETE.  0 WARNING(S),  0 ERROR(S)
