C51 COMPILER V9.60.7.0   BUZZER                                                            08/20/2025 20:31:08 PAGE 1   


C51 COMPILER V9.60.7.0, COMPILATION OF MODULE BUZZER
OBJECT MODULE PLACED IN .\Objects\Buzzer.obj
COMPILER INVOKED BY: D:\Keil_v5\C51\BIN\C51.EXE Buzzer.c OPTIMIZE(8,SPEED) BROWSE DEBUG OBJECTEXTEND PRINT(.\Listings\Bu
                    -zzer.lst) OBJECT(.\Objects\Buzzer.obj)

line level    source

   1          #include <REGX52.H>
   2          #include <INTRINS.H>
   3          #include "Buzzer.h"
   4          
   5          void Delay500us(void);
   6          
   7          void Buzzer(unsigned int xms)
   8          {
   9   1              unsigned int i;
  10   1              for(i = 0; i < 2 * xms; ++i)
  11   1              {
  12   2                      beep =~beep;
  13   2                      Delay500us();
  14   2              }
  15   1      }
  16          
  17          void Delay500us(void)   //@11.0592MHz
  18          {
  19   1              unsigned char data i;
  20   1      
  21   1              _nop_();
  22   1              i = 227;
  23   1              while (--i);
  24   1      }


MODULE INFORMATION:   STATIC OVERLAYABLE
   CODE SIZE        =     49    ----
   CONSTANT SIZE    =   ----    ----
   XDATA SIZE       =   ----    ----
   PDATA SIZE       =   ----    ----
   DATA SIZE        =   ----       4
   IDATA SIZE       =   ----    ----
   BIT SIZE         =   ----    ----
END OF MODULE INFORMATION.


C51 COMPILATION COMPLETE.  0 WARNING(S),  0 ERROR(S)
