C51 COMPILER V9.60.7.0   MAIN                                                              08/16/2025 19:23:37 PAGE 1   


C51 COMPILER V9.60.7.0, COMPILATION OF MODULE MAIN
OBJECT MODULE PLACED IN .\Objects\main.obj
COMPILER INVOKED BY: D:\Keil_v5\C51\BIN\C51.EXE main.c OPTIMIZE(8,SPEED) BROWSE DEBUG OBJECTEXTEND CODE PRINT(.\Listings
                    -\main.lst) OBJECT(.\Objects\main.obj)

line level    source

   1          #include <REGX51.H>
   2          #include "LCD1602.h"
   3          #include "timer0.h"
   4          
   5          #define TIMER_US 10000 // Timer0 interrupt every 10ms
   6          #define FIRST_ROW 1
   7          #define SECOND_ROW 2
   8          
   9          void delay_ms(unsigned int ms);
  10          
  11          unsigned char second = 0, minute = 0, hour = 0;
  12          int main()
  13          {
  14   1          LCD_Init();
  15   1          Timer0_Init(TIMER_US); // Initialize Timer0 for 1 US
  16   1          
  17   1          LCD_ShowString(FIRST_ROW, 1, "Timer0 Test");
  18   1          while(1)
  19   1          {
  20   2              if(second >= 60)
  21   2              {
  22   3                  second = 0;
  23   3                  minute++;
  24   3              }
  25   2      
  26   2              if(minute >= 60)
  27   2              {
  28   3                  minute = 0;
  29   3                  hour++;
  30   3              }
  31   2      
  32   2              if(hour >= 24)
  33   2              {
  34   3                  hour = 0;
  35   3              }
  36   2      
  37   2              LCD_ShowNum(SECOND_ROW, 1, hour, 2);
  38   2              LCD_ShowChar(SECOND_ROW, 3, ':');
  39   2              LCD_ShowNum(SECOND_ROW, 4, minute, 2);
  40   2              LCD_ShowChar(SECOND_ROW, 6, ':');
  41   2              LCD_ShowNum(SECOND_ROW, 7, second, 2);
  42   2      
  43   2              delay_ms(100); // Update display every 100ms
  44   2          }
  45   1      }
  46          
  47          void Timer0_Rountine(void) interrupt 1
  48          {
  49   1              static unsigned int T0Count = 0;
  50   1      
  51   1              TH0 = (MAX_US - TIMER_US) / 256;
  52   1              TL0 = (MAX_US - TIMER_US) % 256;
  53   1              
  54   1              if(++T0Count >= 100)
C51 COMPILER V9.60.7.0   MAIN                                                              08/16/2025 19:23:37 PAGE 2   

  55   1              {
  56   2              second++;
  57   2                      T0Count = 0;
  58   2              }
  59   1      }
  60          
  61          // 毫秒级延时函数（基于12MHz晶振）
  62          void delay_ms(unsigned int ms) {
  63   1              unsigned int i, j;
  64   1              for (i = 0; i < ms; i++)
  65   1                      for (j = 0; j < 112; j++);
  66   1      }
C51 COMPILER V9.60.7.0   MAIN                                                              08/16/2025 19:23:37 PAGE 3   

ASSEMBLY LISTING OF GENERATED OBJECT CODE


             ; FUNCTION main (BEGIN)
                                           ; SOURCE LINE # 12
                                           ; SOURCE LINE # 13
                                           ; SOURCE LINE # 14
0000 120000      E     LCALL   LCD_Init
                                           ; SOURCE LINE # 15
0003 7F10              MOV     R7,#010H
0005 7E27              MOV     R6,#027H
0007 120000      E     LCALL   _Timer0_Init
                                           ; SOURCE LINE # 17
000A 7BFF              MOV     R3,#0FFH
000C 7A00        R     MOV     R2,#HIGH ?SC_0
000E 7900        R     MOV     R1,#LOW ?SC_0
0010 7D01              MOV     R5,#01H
0012 7F01              MOV     R7,#01H
0014 120000      E     LCALL   _LCD_ShowString
0017         ?C0001:
                                           ; SOURCE LINE # 18
                                           ; SOURCE LINE # 19
                                           ; SOURCE LINE # 20
0017 E500        R     MOV     A,second
0019 C3                CLR     C
001A 943C              SUBB    A,#03CH
001C 4005              JC      ?C0003
                                           ; SOURCE LINE # 21
                                           ; SOURCE LINE # 22
001E E4                CLR     A
001F F500        R     MOV     second,A
                                           ; SOURCE LINE # 23
0021 0500        R     INC     minute
                                           ; SOURCE LINE # 24
0023         ?C0003:
                                           ; SOURCE LINE # 26
0023 E500        R     MOV     A,minute
0025 C3                CLR     C
0026 943C              SUBB    A,#03CH
0028 4005              JC      ?C0004
                                           ; SOURCE LINE # 27
                                           ; SOURCE LINE # 28
002A E4                CLR     A
002B F500        R     MOV     minute,A
                                           ; SOURCE LINE # 29
002D 0500        R     INC     hour
                                           ; SOURCE LINE # 30
002F         ?C0004:
                                           ; SOURCE LINE # 32
002F E500        R     MOV     A,hour
0031 C3                CLR     C
0032 9418              SUBB    A,#018H
0034 4003              JC      ?C0005
                                           ; SOURCE LINE # 33
                                           ; SOURCE LINE # 34
0036 E4                CLR     A
0037 F500        R     MOV     hour,A
                                           ; SOURCE LINE # 35
0039         ?C0005:
                                           ; SOURCE LINE # 37
0039 E500        R     MOV     A,hour
003B FB                MOV     R3,A
C51 COMPILER V9.60.7.0   MAIN                                                              08/16/2025 19:23:37 PAGE 4   

003C 7A00              MOV     R2,#00H
003E 750002      E     MOV     ?_LCD_ShowNum?BYTE+04H,#02H
0041 7D01              MOV     R5,#01H
0043 7F02              MOV     R7,#02H
0045 120000      E     LCALL   _LCD_ShowNum
                                           ; SOURCE LINE # 38
0048 7B3A              MOV     R3,#03AH
004A 7D03              MOV     R5,#03H
004C 7F02              MOV     R7,#02H
004E 120000      E     LCALL   _LCD_ShowChar
                                           ; SOURCE LINE # 39
0051 E500        R     MOV     A,minute
0053 FB                MOV     R3,A
0054 7A00              MOV     R2,#00H
0056 750002      E     MOV     ?_LCD_ShowNum?BYTE+04H,#02H
0059 7D04              MOV     R5,#04H
005B 7F02              MOV     R7,#02H
005D 120000      E     LCALL   _LCD_ShowNum
                                           ; SOURCE LINE # 40
0060 7B3A              MOV     R3,#03AH
0062 7D06              MOV     R5,#06H
0064 7F02              MOV     R7,#02H
0066 120000      E     LCALL   _LCD_ShowChar
                                           ; SOURCE LINE # 41
0069 E500        R     MOV     A,second
006B FB                MOV     R3,A
006C 7A00              MOV     R2,#00H
006E 750002      E     MOV     ?_LCD_ShowNum?BYTE+04H,#02H
0071 7D07              MOV     R5,#07H
0073 7F02              MOV     R7,#02H
0075 120000      E     LCALL   _LCD_ShowNum
                                           ; SOURCE LINE # 43
0078 7F64              MOV     R7,#064H
007A 7E00              MOV     R6,#00H
007C 120000      R     LCALL   _delay_ms
                                           ; SOURCE LINE # 44
007F 8096              SJMP    ?C0001
             ; FUNCTION main (END)

             ; FUNCTION Timer0_Rountine (BEGIN)
0000 C0E0              PUSH    ACC
0002 C0D0              PUSH    PSW
                                           ; SOURCE LINE # 47
                                           ; SOURCE LINE # 51
0004 758CD8            MOV     TH0,#0D8H
                                           ; SOURCE LINE # 52
0007 758AF0            MOV     TL0,#0F0H
                                           ; SOURCE LINE # 54
000A 0500        R     INC     T0Count+01H
000C E500        R     MOV     A,T0Count+01H
000E 7002              JNZ     ?C0016
0010 0500        R     INC     T0Count
0012         ?C0016:
0012 C3                CLR     C
0013 9464              SUBB    A,#064H
0015 E500        R     MOV     A,T0Count
0017 9400              SUBB    A,#00H
0019 4008              JC      ?C0008
                                           ; SOURCE LINE # 55
                                           ; SOURCE LINE # 56
001B 0500        R     INC     second
                                           ; SOURCE LINE # 57
C51 COMPILER V9.60.7.0   MAIN                                                              08/16/2025 19:23:37 PAGE 5   

001D 750000      R     MOV     T0Count,#00H
0020 750000      R     MOV     T0Count+01H,#00H
                                           ; SOURCE LINE # 58
                                           ; SOURCE LINE # 59
0023         ?C0008:
0023 D0D0              POP     PSW
0025 D0E0              POP     ACC
0027 32                RETI    
             ; FUNCTION Timer0_Rountine (END)

             ; FUNCTION _delay_ms (BEGIN)
                                           ; SOURCE LINE # 62
;---- Variable 'ms' assigned to Register 'R6/R7' ----
                                           ; SOURCE LINE # 64
;---- Variable 'i' assigned to Register 'R4/R5' ----
0000 E4                CLR     A
0001 FD                MOV     R5,A
0002 FC                MOV     R4,A
0003         ?C0009:
0003 C3                CLR     C
0004 ED                MOV     A,R5
0005 9F                SUBB    A,R7
0006 EC                MOV     A,R4
0007 9E                SUBB    A,R6
0008 5015              JNC     ?C0015
                                           ; SOURCE LINE # 65
;---- Variable 'j' assigned to Register 'R2/R3' ----
000A E4                CLR     A
000B FB                MOV     R3,A
000C FA                MOV     R2,A
000D         ?C0012:
000D 0B                INC     R3
000E BB0001            CJNE    R3,#00H,?C0017
0011 0A                INC     R2
0012         ?C0017:
0012 EB                MOV     A,R3
0013 6470              XRL     A,#070H
0015 4A                ORL     A,R2
0016 70F5              JNZ     ?C0012
0018         ?C0011:
0018 0D                INC     R5
0019 BD0001            CJNE    R5,#00H,?C0018
001C 0C                INC     R4
001D         ?C0018:
001D 80E4              SJMP    ?C0009
                                           ; SOURCE LINE # 66
001F         ?C0015:
001F 22                RET     
             ; FUNCTION _delay_ms (END)



MODULE INFORMATION:   STATIC OVERLAYABLE
   CODE SIZE        =    201    ----
   CONSTANT SIZE    =     12    ----
   XDATA SIZE       =   ----    ----
   PDATA SIZE       =   ----    ----
   DATA SIZE        =      5    ----
   IDATA SIZE       =   ----    ----
   BIT SIZE         =   ----    ----
END OF MODULE INFORMATION.


C51 COMPILATION COMPLETE.  0 WARNING(S),  0 ERROR(S)
