C51 COMPILER V9.60.7.0   DELAY                                                             05/19/2026 19:09:31 PAGE 1   


C51 COMPILER V9.60.7.0, COMPILATION OF MODULE DELAY
OBJECT MODULE PLACED IN .\Objects\Delay.obj
COMPILER INVOKED BY: D:\Keil_v5\C51\BIN\C51.EXE Delay.c OPTIMIZE(8,SPEED) BROWSE DEBUG OBJECTEXTEND PRINT(.\Listings\Del
                    -ay.lst) OBJECT(.\Objects\Delay.obj)

line level    source

   1          #include <REGX52.H>
   2          #include <INTRINS.H>
   3          
   4          void Delay(unsigned int xms)    //@11.0592MHz
   5          {
   6   1              unsigned char data i, j;
   7   1      
   8   1              while (xms--) {
   9   2                      _nop_();
  10   2                      i = 2;
  11   2                      j = 199;
  12   2                      do {
  13   3                              while (--j);
  14   3                      } while (--i);
  15   2              }
  16   1      }
  17          
  18          void Delay1ms(void)     //@11.0592MHz
  19          {
  20   1              unsigned char data i, j;
  21   1      
  22   1              _nop_();
  23   1              i = 2;
  24   1              j = 199;
  25   1              do
  26   1              {
  27   2                      while (--j);
  28   2              } while (--i);
  29   1      }


MODULE INFORMATION:   STATIC OVERLAYABLE
   CODE SIZE        =     32    ----
   CONSTANT SIZE    =   ----    ----
   XDATA SIZE       =   ----    ----
   PDATA SIZE       =   ----    ----
   DATA SIZE        =   ----    ----
   IDATA SIZE       =   ----    ----
   BIT SIZE         =   ----    ----
END OF MODULE INFORMATION.


C51 COMPILATION COMPLETE.  0 WARNING(S),  0 ERROR(S)
