C51 COMPILER V9.60.7.0   MAIN                                                              05/19/2026 21:21:50 PAGE 1   


C51 COMPILER V9.60.7.0, COMPILATION OF MODULE MAIN
OBJECT MODULE PLACED IN .\Objects\main.obj
COMPILER INVOKED BY: D:\Keil_v5\C51\BIN\C51.EXE main.c OPTIMIZE(8,SPEED) BROWSE DEBUG OBJECTEXTEND PRINT(.\Listings\main
                    -.lst) OBJECT(.\Objects\main.obj)

line level    source

   1          #include <REGX52.H>
   2          #include "timer0.h"
   3          #include "Delay.h"
   4          #include <intrins.h>  // 解决 _nop_ 报错
   5          
   6          // ================== 硬件与速度配置 ==================
   7          #define SPEED 450  // 节奏速度（可调整，数值越大越慢）
   8          #define BASE_DELAY (SPEED / 4)
   9          
  10          sbit beep = P2^5;   // 蜂鸣器引脚
  11          sbit K1 = P3^1;     // 播放/暂停按键引脚
  12          
  13          // ================== 音符索引定义（C调） ==================
  14          #define M1  12  // 中音1 (C)
  15          #define M2  14  // 中音2 (D)
  16          #define M3  16  // 中音3 (E)
  17          #define M4  17  // 中音4 (F)
  18          #define M5  19  // 中音5 (G)
  19          #define M6  21  // 中音6 (A)
  20          #define M7  23  // 中音7 (B)
  21          #define SILENCE 36
  22          
  23          // ================== 音符时值宏定义 ==================
  24          #define WHOLE_NOTE       16  // 全音符（4拍）
  25          #define HALF_NOTE        8   // 二分音符（2拍）
  26          #define QUARTER_NOTE     4   // 四分音符（1拍）
  27          #define EIGHTH_NOTE      2   // 八分音符（0.5拍）
  28          #define DOTTED_QUARTER_NOTE (QUARTER_NOTE + EIGHTH_NOTE)  // 附点四分音符（1.5拍）
  29          
  30          #define SLUR 0x80  // 圆滑线标志
  31          #define END_MARKER 0xFF
  32          
  33          // ================== 频率表（11.0592MHz晶振，C调标准音高） ==================
  34          unsigned int code FreqTable[] = {
  35              62013, 62210, 62397, 62574, 62740, 62897, 63045, 63185, 63317, 63441, 63559, 63669,
  36              63774, 63873, 63967, 64055, 64138, 64216, 64291, 64360, 64426, 64489, 64547, 64603,
  37              64655, 64705, 64751, 64795, 64837, 64876, 64913, 64948, 64981, 65012, 65042, 65069,
  38              0  // 休止符
  39          };
  40          
  41          // ================== 乐谱结构体 ==================
  42          typedef struct
  43          {
  44              unsigned char noteIndex;  // 音符索引
  45              unsigned char duration;   // 时值（含标志位）
  46          } ScaleNote;
  47          
  48          // ================== 《兰花草》主旋律乐谱（C调） ==================
  49          // 简谱：1=C 4/4，速度J=96
  50          // (3 6 6 5 3. 2 | 1. 2 1 7 6 3 | 3 1 1 7 6. 3 | 2. 1 7 5 6 - )
  51          // 6 3 3 3 3. 2 | 1. 2 1 7 6 - | 6 6 6 6 6. 5 | 3 5 5 #4 3 - | 3 6 6 5 3. 2 |
  52          // 1. 2 1 7 6 3 | 3 1 1 7 6. 3 | 2. 1 7 5 6 - | (3 1 1 7 6. 3 | 2. 1 7 5 6 - ) :||
  53          code ScaleNote Song[] = {
  54              // 第一行
C51 COMPILER V9.60.7.0   MAIN                                                              05/19/2026 21:21:50 PAGE 2   

  55              {M3, QUARTER_NOTE},       // 3
  56              {M6, QUARTER_NOTE},       // 6
  57              {M6, QUARTER_NOTE},       // 6
  58              {M5, QUARTER_NOTE},       // 5
  59              {M3, DOTTED_QUARTER_NOTE},// 3.
  60              {M2, QUARTER_NOTE},       // 2
  61              {M1, DOTTED_QUARTER_NOTE},// 1.
  62              {M2, QUARTER_NOTE},       // 2
  63              {M1, QUARTER_NOTE},       // 1
  64              {M7, QUARTER_NOTE},       // 7
  65              {M6, QUARTER_NOTE},       // 6
  66              {M3, QUARTER_NOTE},       // 3
  67              {M3, QUARTER_NOTE},       // 3
  68              {M1, QUARTER_NOTE},       // 1
  69              {M1, QUARTER_NOTE},       // 1
  70              {M7, QUARTER_NOTE},       // 7
  71              {M6, DOTTED_QUARTER_NOTE},// 6.
  72              {M3, QUARTER_NOTE},       // 3
  73              {M2, DOTTED_QUARTER_NOTE},// 2.
  74              {M1, QUARTER_NOTE},       // 1
  75              {M7, QUARTER_NOTE},       // 7
  76              {M5, QUARTER_NOTE},       // 5
  77              {M6, QUARTER_NOTE},       // 6
  78              {SILENCE, QUARTER_NOTE},  // -
  79              
  80              // 第二行
  81              {M6, QUARTER_NOTE},       // 6
  82              {M3, QUARTER_NOTE},       // 3
  83              {M3, QUARTER_NOTE},       // 3
  84              {M3, QUARTER_NOTE},       // 3
  85              {M3, DOTTED_QUARTER_NOTE},// 3.
  86              {M2, QUARTER_NOTE},       // 2
  87              {M1, DOTTED_QUARTER_NOTE},// 1.
  88              {M2, QUARTER_NOTE},       // 2
  89              {M1, QUARTER_NOTE},       // 1
  90              {M7, QUARTER_NOTE},       // 7
  91              {M6, QUARTER_NOTE},       // 6
  92              {SILENCE, QUARTER_NOTE},  // -
  93              {M6, QUARTER_NOTE},       // 6
  94              {M6, QUARTER_NOTE},       // 6
  95              {M6, QUARTER_NOTE},       // 6
  96              {M6, QUARTER_NOTE},       // 6
  97              {M6, DOTTED_QUARTER_NOTE},// 6.
  98              {M5, QUARTER_NOTE},       // 5
  99              {M3, QUARTER_NOTE},       // 3
 100              {M5, QUARTER_NOTE},       // 5
 101              {M5, QUARTER_NOTE},       // 5
 102              {M4, QUARTER_NOTE},       // #4（用F代替升4）
 103              {M3, QUARTER_NOTE},       // 3
 104              {SILENCE, QUARTER_NOTE},  // -
 105              {M3, QUARTER_NOTE},       // 3
 106              {M6, QUARTER_NOTE},       // 6
 107              {M6, QUARTER_NOTE},       // 6
 108              {M5, QUARTER_NOTE},       // 5
 109              {M3, DOTTED_QUARTER_NOTE},// 3.
 110              {M2, QUARTER_NOTE},       // 2
 111              
 112              // 第三行
 113              {M1, DOTTED_QUARTER_NOTE},// 1.
 114              {M2, QUARTER_NOTE},       // 2
 115              {M1, QUARTER_NOTE},       // 1
 116              {M7, QUARTER_NOTE},       // 7
C51 COMPILER V9.60.7.0   MAIN                                                              05/19/2026 21:21:50 PAGE 3   

 117              {M6, QUARTER_NOTE},       // 6
 118              {M3, QUARTER_NOTE},       // 3
 119              {M3, QUARTER_NOTE},       // 3
 120              {M1, QUARTER_NOTE},       // 1
 121              {M1, QUARTER_NOTE},       // 1
 122              {M7, QUARTER_NOTE},       // 7
 123              {M6, DOTTED_QUARTER_NOTE},// 6.
 124              {M3, QUARTER_NOTE},       // 3
 125              {M2, DOTTED_QUARTER_NOTE},// 2.
 126              {M1, QUARTER_NOTE},       // 1
 127              {M7, QUARTER_NOTE},       // 7
 128              {M5, QUARTER_NOTE},       // 5
 129              {M6, QUARTER_NOTE},       // 6
 130              {SILENCE, QUARTER_NOTE},  // -
 131              {M3, QUARTER_NOTE},       // 3
 132              {M1, QUARTER_NOTE},       // 1
 133              {M1, QUARTER_NOTE},       // 1
 134              {M7, QUARTER_NOTE},       // 7
 135              {M6, DOTTED_QUARTER_NOTE},// 6.
 136              {M3, QUARTER_NOTE},       // 3
 137              {M2, DOTTED_QUARTER_NOTE},// 2.
 138              {M1, QUARTER_NOTE},       // 1
 139              {M7, QUARTER_NOTE},       // 7
 140              {M5, QUARTER_NOTE},       // 5
 141              {M6, QUARTER_NOTE},       // 6
 142              {SILENCE, QUARTER_NOTE},  // -
 143              {END_MARKER, 0}           // 结束标记
 144          };
 145          
 146          // ================== 全局变量 ==================
 147          unsigned char FreqSelect = 0;
 148          bit is_paused = 0; // 暂停标志位：0-播放中，1-已暂停
 149          
 150          // 定时器0初始化 (适配11.0592MHz晶振，16位模式)
 151          void Timer0_Init()
 152          {
 153   1              TMOD &= 0xF0;           //设置定时器模式
 154   1              TMOD |= 0x01;           //设置定时器模式
 155   1              TL0 = 0x00;             //设置定时初值
 156   1              TH0 = 0x00;             //设置定时初值
 157   1              ET0 = 1;           //允许定时器0中断
 158   1              EA = 1;            //开启总中断
 159   1          TR0 = 0;           //初始化时先不启动
 160   1      }
 161          
 162          // 1毫秒延时函数 (专为11.0592MHz晶振校准)
 163          void Delay(unsigned int ms)
 164          {
 165   1              unsigned char i, j;
 166   1          while(ms--)
 167   1          {
 168   2              i = 2;
 169   2              j = 220; // 11.0592MHz下的1ms循环次数
 170   2              do
 171   2              {
 172   3                  while (--j);
 173   3              } while (--i);
 174   2          }
 175   1      }
 176          
 177          
 178          // ================== 主函数 ==================
C51 COMPILER V9.60.7.0   MAIN                                                              05/19/2026 21:21:50 PAGE 4   

 179          void main()
 180          {
 181   1          unsigned int delayTime;
 182   1          unsigned int i;
 183   1          
 184   1          ScaleNote * currentNote = Song;
 185   1          Timer0_Init();
 186   1          
 187   1          ET0 = 1; // 允许定时器0中断
 188   1          EA = 1;  // 开启总中断
 189   1          
 190   1          while(1)
 191   1          {
 192   2              // ---------------------------------------------------
 193   2              // 1. 按键控制逻辑（播放/暂停）
 194   2              // ---------------------------------------------------
 195   2              if(K1 == 0)
 196   2              {
 197   3                  Delay(20); // 按键消抖
 198   3                  if(K1 == 0)
 199   3                  {
 200   4                      is_paused = !is_paused; // 切换状态
 201   4                      
 202   4                      if(is_paused) 
 203   4                      {
 204   5                          TR0 = 0;   // 暂停时关闭定时器
 205   5                          beep = 0;  // 确保蜂鸣器静音
 206   5                      }
 207   4                      else 
 208   4                      {
 209   5                          // 恢复播放时，重新装载频率并开启定时器
 210   5                          if(currentNote->noteIndex != SILENCE && currentNote->noteIndex != END_MARKER) 
 211   5                          {
 212   6                              TH0 = (unsigned char)(FreqTable[FreqSelect] >> 8);
 213   6                              TL0 = (unsigned char)(FreqTable[FreqSelect]);
 214   6                              TR0 = 1;
 215   6                          }
 216   5                      }
 217   4                      while(K1 == 0); // 等待按键松手
 218   4                  }
 219   3              }
 220   2      
 221   2              // ---------------------------------------------------
 222   2              // 2. 音乐播放逻辑
 223   2              // ---------------------------------------------------
 224   2              if(!is_paused) 
 225   2              {
 226   3                  if(currentNote->noteIndex != END_MARKER)
 227   3                  {
 228   4                      // 处理音符发声或休止
 229   4                      if(currentNote->noteIndex == SILENCE) 
 230   4                      {
 231   5                          TR0 = 0;    // 遇到休止符，关闭定时器
 232   5                          beep = 0;   // 确保蜂鸣器关闭
 233   5                      }
 234   4                      else 
 235   4                      {
 236   5                          FreqSelect = currentNote->noteIndex;
 237   5                          TH0 = (unsigned char)(FreqTable[FreqSelect] >> 8);
 238   5                          TL0 = (unsigned char)(FreqTable[FreqSelect]);
 239   5                          TR0 = 1;    // 启动定时器
 240   5                      }
C51 COMPILER V9.60.7.0   MAIN                                                              05/19/2026 21:21:50 PAGE 5   

 241   4                      
 242   4                      // 计算实际时值（去除圆滑线标志位）
 243   4                      delayTime = SPEED / 4 * (currentNote->duration & 0x3F);
 244   4                      
 245   4                      // 音符持续时间（非阻塞延时，保证按键响应）
 246   4                      for(i = 0; i < delayTime; i++)
 247   4                      {
 248   5                          Delay(1); // 使用原有的Delay函数（1ms延时）
 249   5                      }
 250   4                      
 251   4                      // 处理断音（无圆滑线标志）
 252   4                      if(!(currentNote->duration & SLUR)) 
 253   4                      {
 254   5                          TR0 = 0;     // 停止定时器
 255   5                          beep = 0;    // 确保蜂鸣器关闭
 256   5                          Delay(5);    // 音符间停顿（5ms）
 257   5                      }
 258   4                      
 259   4                      currentNote++; // 移动到下一个音符
 260   4                  }
 261   3                  else
 262   3                  {   
 263   4                      // 乐曲播放完毕，等待按键重新播放
 264   4                      TR0 = 0;
 265   4                      beep = 0;
 266   4                      while(1)
 267   4                      {
 268   5                          if(K1 == 0)
 269   5                          {
 270   6                              Delay(20);
 271   6                              if(K1 == 0)
 272   6                              {
 273   7                                  currentNote = Song; // 重置指针到开头
 274   7                                  is_paused = 0;      // 确保播放状态
 275   7                                  while(K1 == 0);     // 等待松手
 276   7                                  break;              // 跳出等待循环
 277   7                              }
 278   6                          }
 279   5                      }
 280   4                  }
 281   3              }
 282   2          }
 283   1      }
 284          
 285          // ================== 定时器中断服务函数 ==================
 286          void Timer0_Rountine() interrupt 1
 287          {
 288   1          if(FreqTable[FreqSelect])
 289   1          {
 290   2              TH0 = (unsigned char)(FreqTable[FreqSelect] >> 8);
 291   2              TL0 = (unsigned char)(FreqTable[FreqSelect]);
 292   2              beep = !beep; // 翻转IO口产生方波
 293   2          }
 294   1      }


MODULE INFORMATION:   STATIC OVERLAYABLE
   CODE SIZE        =    347    ----
   CONSTANT SIZE    =    244    ----
   XDATA SIZE       =   ----    ----
   PDATA SIZE       =   ----    ----
   DATA SIZE        =      1       2
C51 COMPILER V9.60.7.0   MAIN                                                              05/19/2026 21:21:50 PAGE 6   

   IDATA SIZE       =   ----    ----
   BIT SIZE         =      1    ----
END OF MODULE INFORMATION.


C51 COMPILATION COMPLETE.  0 WARNING(S),  0 ERROR(S)
