C51 COMPILER V9.60.7.0   NIXIE                                                             08/22/2025 08:28:40 PAGE 1   


C51 COMPILER V9.60.7.0, COMPILATION OF MODULE NIXIE
OBJECT MODULE PLACED IN .\Objects\Nixie.obj
COMPILER INVOKED BY: D:\Keil_v5\C51\BIN\C51.EXE Nixie.c OPTIMIZE(8,SPEED) BROWSE DEBUG OBJECTEXTEND PRINT(.\Listings\Nix
                    -ie.lst) OBJECT(.\Objects\Nixie.obj)

line level    source

   1          #include <REGX52.H>
   2          #include "Delay.h"
   3          
   4          //0-9
   5          const unsigned char Number[] =
   6          {
   7                  0x3F, 0x06, 0x5B, 0x4F, 0x66,
   8                  0x6F, 0x7D, 0x07, 0x7F, 0x67
   9          };
  10          
  11          //Postion = 0 ~ 7
  12          void Nixie(unsigned char Postion, unsigned char Num)
  13          {
  14   1              if(Postion > 7)
  15   1                      return;
  16   1              
  17   1              P2 = (Postion << 2);
  18   1              
  19   1              P0 = Number[Num];
  20   1              //Delay(1);
  21   1              //P0 = 0x00;
  22   1      }


MODULE INFORMATION:   STATIC OVERLAYABLE
   CODE SIZE        =     21    ----
   CONSTANT SIZE    =   ----    ----
   XDATA SIZE       =   ----    ----
   PDATA SIZE       =   ----    ----
   DATA SIZE        =     10    ----
   IDATA SIZE       =   ----    ----
   BIT SIZE         =   ----    ----
END OF MODULE INFORMATION.


C51 COMPILATION COMPLETE.  0 WARNING(S),  0 ERROR(S)
